06/30 04:41:07 Starting Hardware
06/30 04:41:07 Starting Webpage
06/30 04:41:10 Starting new HTTPS connection (1): www.google.com:443
06/30 04:41:10 https://www.google.com:443 "GET / HTTP/1.1" 200 None
06/30 04:41:11 Starting new HTTPS connection (1): www.google.com:443
06/30 04:41:11 https://www.google.com:443 "GET / HTTP/1.1" 200 None
06/30 04:41:12 Starting new HTTPS connection (1): www.google.com:443
06/30 04:41:12 https://www.google.com:443 "GET / HTTP/1.1" 200 None
06/30 04:41:13 Starting new HTTPS connection (1): www.google.com:443
06/30 04:41:13 https://www.google.com:443 "GET / HTTP/1.1" 200 None
06/30 04:41:14 Starting new HTTPS connection (1): www.google.com:443
06/30 04:41:14 https://www.google.com:443 "GET / HTTP/1.1" 200 None
06/30 04:41:15 Starting new HTTPS connection (1): www.google.com:443
06/30 04:41:15 https://www.google.com:443 "GET / HTTP/1.1" 200 None
06/30 04:41:16 Starting new HTTPS connection (1): www.google.com:443
06/30 04:41:16 https://www.google.com:443 "GET / HTTP/1.1" 200 None
06/30 04:41:17 Starting new HTTPS connection (1): www.google.com:443
06/30 04:41:17 https://www.google.com:443 "GET / HTTP/1.1" 200 None
06/30 04:41:18 Starting new HTTPS connection (1): www.google.com:443
06/30 04:41:18 https://www.google.com:443 "GET / HTTP/1.1" 200 None
06/30 04:41:19 Starting new HTTPS connection (1): www.google.com:443
06/30 04:41:19 https://www.google.com:443 "GET / HTTP/1.1" 200 None
06/30 04:41:57 Starting Hardware
06/30 04:41:57 Starting Webpage
06/30 04:41:58 Starting new HTTPS connection (1): www.google.com:443
06/30 04:41:59 https://www.google.com:443 "GET / HTTP/1.1" 200 None
06/30 04:41:59 Starting new HTTPS connection (1): www.google.com:443
06/30 04:42:00 https://www.google.com:443 "GET / HTTP/1.1" 200 None
06/30 04:42:00 Starting new HTTPS connection (1): www.google.com:443
06/30 04:42:01 https://www.google.com:443 "GET / HTTP/1.1" 200 None
06/30 04:42:01 Starting new HTTPS connection (1): www.google.com:443
06/30 04:42:02 https://www.google.com:443 "GET / HTTP/1.1" 200 None
06/30 04:42:02 Starting new HTTPS connection (1): www.google.com:443
06/30 04:42:03 https://www.google.com:443 "GET / HTTP/1.1" 200 None
06/30 04:42:03 Starting new HTTPS connection (1): www.google.com:443
06/30 04:42:04 https://www.google.com:443 "GET / HTTP/1.1" 200 None
06/30 04:42:04 Starting new HTTPS connection (1): www.google.com:443
06/30 04:42:05 https://www.google.com:443 "GET / HTTP/1.1" 200 None
06/30 04:42:05 Starting new HTTPS connection (1): www.google.com:443
06/30 04:42:06 https://www.google.com:443 "GET / HTTP/1.1" 200 None
06/30 04:42:06 Starting new HTTPS connection (1): www.google.com:443
06/30 04:42:07 https://www.google.com:443 "GET / HTTP/1.1" 200 None
06/30 04:42:07 Starting new HTTPS connection (1): www.google.com:443
06/30 04:42:08 https://www.google.com:443 "GET / HTTP/1.1" 200 None
06/30 04:42:08 Starting new HTTPS connection (1): www.google.com:443
06/30 04:42:09 https://www.google.com:443 "GET / HTTP/1.1" 200 None
06/30 04:42:09 Starting new HTTPS connection (1): www.google.com:443
06/30 04:42:10 https://www.google.com:443 "GET / HTTP/1.1" 200 None
06/30 04:42:10 Starting new HTTPS connection (1): www.google.com:443
06/30 04:42:11 https://www.google.com:443 "GET / HTTP/1.1" 200 None
06/30 04:42:11 Starting new HTTPS connection (1): www.google.com:443
06/30 04:42:12 https://www.google.com:443 "GET / HTTP/1.1" 200 None
06/30 04:42:12 Starting new HTTPS connection (1): www.google.com:443
06/30 04:42:13 https://www.google.com:443 "GET / HTTP/1.1" 200 None
06/30 04:42:13 Starting new HTTPS connection (1): www.google.com:443
06/30 04:42:14 https://www.google.com:443 "GET / HTTP/1.1" 200 None
06/30 04:42:14 Starting new HTTPS connection (1): www.google.com:443
06/30 04:42:15 https://www.google.com:443 "GET / HTTP/1.1" 200 None
06/30 04:42:15 Starting new HTTPS connection (1): www.google.com:443
06/30 04:42:16 https://www.google.com:443 "GET / HTTP/1.1" 200 None
06/30 06:48:56 Starting Hardware
06/30 06:48:56 Starting Webpage
06/30 06:48:58 Starting new HTTPS connection (1): www.google.com:443
06/30 06:48:58 https://www.google.com:443 "GET / HTTP/1.1" 200 None
06/30 06:48:59 Starting new HTTPS connection (1): www.google.com:443
06/30 06:48:59 https://www.google.com:443 "GET / HTTP/1.1" 200 None
06/30 06:49:00 Starting new HTTPS connection (1): www.google.com:443
06/30 06:49:00 https://www.google.com:443 "GET / HTTP/1.1" 200 None
06/30 06:49:01 Starting new HTTPS connection (1): www.google.com:443
06/30 06:49:01 https://www.google.com:443 "GET / HTTP/1.1" 200 None
06/30 06:49:02 Starting new HTTPS connection (1): www.google.com:443
06/30 06:49:02 https://www.google.com:443 "GET / HTTP/1.1" 200 None
06/30 06:49:03 Starting new HTTPS connection (1): www.google.com:443
06/30 06:49:03 https://www.google.com:443 "GET / HTTP/1.1" 200 None
06/30 06:49:04 Starting new HTTPS connection (1): www.google.com:443
06/30 06:49:04 https://www.google.com:443 "GET / HTTP/1.1" 200 None
06/30 06:49:05 Starting new HTTPS connection (1): www.google.com:443
06/30 06:49:05 https://www.google.com:443 "GET / HTTP/1.1" 200 None
06/30 06:49:06 Starting new HTTPS connection (1): www.google.com:443
06/30 06:49:06 https://www.google.com:443 "GET / HTTP/1.1" 200 None
06/30 06:49:07 Starting new HTTPS connection (1): www.google.com:443
06/30 06:49:07 https://www.google.com:443 "GET / HTTP/1.1" 200 None
06/30 06:49:08 Starting new HTTPS connection (1): www.google.com:443
06/30 06:49:08 https://www.google.com:443 "GET / HTTP/1.1" 200 None
06/30 06:49:09 Starting new HTTPS connection (1): www.google.com:443
06/30 06:49:09 https://www.google.com:443 "GET / HTTP/1.1" 200 None
06/30 06:49:10 Starting new HTTPS connection (1): www.google.com:443
06/30 06:49:10 https://www.google.com:443 "GET / HTTP/1.1" 200 None
06/30 06:49:11 Starting new HTTPS connection (1): www.google.com:443
06/30 06:49:11 https://www.google.com:443 "GET / HTTP/1.1" 200 None
06/30 06:49:12 Starting new HTTPS connection (1): www.google.com:443
06/30 06:49:12 https://www.google.com:443 "GET / HTTP/1.1" 200 None
06/30 06:49:13 Starting new HTTPS connection (1): www.google.com:443
06/30 06:49:13 https://www.google.com:443 "GET / HTTP/1.1" 200 None
06/30 06:49:14 Starting new HTTPS connection (1): www.google.com:443
06/30 06:49:14 https://www.google.com:443 "GET / HTTP/1.1" 200 None
06/30 06:49:15 Starting new HTTPS connection (1): www.google.com:443
06/30 06:49:15 https://www.google.com:443 "GET / HTTP/1.1" 200 None
06/30 06:49:16 Starting new HTTPS connection (1): www.google.com:443
06/30 06:49:16 https://www.google.com:443 "GET / HTTP/1.1" 200 None
06/30 06:49:17 Starting new HTTPS connection (1): www.google.com:443
06/30 06:49:17 https://www.google.com:443 "GET / HTTP/1.1" 200 None
06/30 06:49:18 Starting new HTTPS connection (1): www.google.com:443
06/30 06:49:18 https://www.google.com:443 "GET / HTTP/1.1" 200 None
06/30 06:49:19 Starting new HTTPS connection (1): www.google.com:443
06/30 06:49:19 https://www.google.com:443 "GET / HTTP/1.1" 200 None
06/30 06:49:20 Starting new HTTPS connection (1): www.google.com:443
06/30 06:49:20 https://www.google.com:443 "GET / HTTP/1.1" 200 None
06/30 06:49:21 Starting new HTTPS connection (1): www.google.com:443
06/30 06:49:21 https://www.google.com:443 "GET / HTTP/1.1" 200 None
06/30 06:49:22 Starting new HTTPS connection (1): www.google.com:443
06/30 06:49:22 https://www.google.com:443 "GET / HTTP/1.1" 200 None
06/30 06:49:23 Starting new HTTPS connection (1): www.google.com:443
06/30 06:49:23 https://www.google.com:443 "GET / HTTP/1.1" 200 None
06/30 06:49:24 Starting new HTTPS connection (1): www.google.com:443
06/30 06:49:24 https://www.google.com:443 "GET / HTTP/1.1" 200 None
06/30 06:49:25 Starting new HTTPS connection (1): www.google.com:443
06/30 06:49:25 https://www.google.com:443 "GET / HTTP/1.1" 200 None
06/30 06:49:26 Starting new HTTPS connection (1): www.google.com:443
06/30 06:49:26 https://www.google.com:443 "GET / HTTP/1.1" 200 None
06/30 06:49:27 Starting new HTTPS connection (1): www.google.com:443
06/30 06:49:27 https://www.google.com:443 "GET / HTTP/1.1" 200 None
06/30 06:49:28 Starting new HTTPS connection (1): www.google.com:443
06/30 06:49:28 https://www.google.com:443 "GET / HTTP/1.1" 200 None
06/30 06:49:29 Starting new HTTPS connection (1): www.google.com:443
06/30 06:49:29 https://www.google.com:443 "GET / HTTP/1.1" 200 None
06/30 06:49:30 Starting new HTTPS connection (1): www.google.com:443
06/30 06:49:30 https://www.google.com:443 "GET / HTTP/1.1" 200 None
06/30 06:49:31 Starting new HTTPS connection (1): www.google.com:443
06/30 06:49:31 https://www.google.com:443 "GET / HTTP/1.1" 200 None
06/30 06:49:32 Starting new HTTPS connection (1): www.google.com:443
06/30 06:49:32 https://www.google.com:443 "GET / HTTP/1.1" 200 None
06/30 06:49:33 Starting new HTTPS connection (1): www.google.com:443
06/30 06:49:33 https://www.google.com:443 "GET / HTTP/1.1" 200 None
06/30 06:49:34 Starting new HTTPS connection (1): www.google.com:443
06/30 06:49:34 https://www.google.com:443 "GET / HTTP/1.1" 200 None
06/30 06:49:35 Starting new HTTPS connection (1): www.google.com:443
06/30 06:49:35 https://www.google.com:443 "GET / HTTP/1.1" 200 None
06/30 06:49:36 Starting new HTTPS connection (1): www.google.com:443
06/30 06:49:36 https://www.google.com:443 "GET / HTTP/1.1" 200 None
06/30 06:49:37 Starting new HTTPS connection (1): www.google.com:443
06/30 06:49:37 https://www.google.com:443 "GET / HTTP/1.1" 200 None
06/30 06:49:38 Starting new HTTPS connection (1): www.google.com:443
06/30 06:49:38 https://www.google.com:443 "GET / HTTP/1.1" 200 None
06/30 06:49:39 Starting new HTTPS connection (1): www.google.com:443
06/30 06:49:39 https://www.google.com:443 "GET / HTTP/1.1" 200 None
06/30 06:49:40 Starting new HTTPS connection (1): www.google.com:443
06/30 06:49:40 https://www.google.com:443 "GET / HTTP/1.1" 200 None
06/30 06:49:41 Starting new HTTPS connection (1): www.google.com:443
06/30 06:49:41 https://www.google.com:443 "GET / HTTP/1.1" 200 None
06/30 06:49:42 Starting new HTTPS connection (1): www.google.com:443
06/30 06:49:42 https://www.google.com:443 "GET / HTTP/1.1" 200 None
06/30 06:49:43 Starting new HTTPS connection (1): www.google.com:443
06/30 06:49:43 https://www.google.com:443 "GET / HTTP/1.1" 200 None
06/30 06:49:44 Starting new HTTPS connection (1): www.google.com:443
06/30 06:49:44 https://www.google.com:443 "GET / HTTP/1.1" 200 None
06/30 06:49:45 Starting new HTTPS connection (1): www.google.com:443
06/30 06:49:45 https://www.google.com:443 "GET / HTTP/1.1" 200 None
06/30 06:49:46 Starting new HTTPS connection (1): www.google.com:443
06/30 06:49:46 https://www.google.com:443 "GET / HTTP/1.1" 200 None
06/30 06:49:47 Starting new HTTPS connection (1): www.google.com:443
06/30 06:49:47 https://www.google.com:443 "GET / HTTP/1.1" 200 None
06/30 06:49:48 Starting new HTTPS connection (1): www.google.com:443
06/30 06:49:48 https://www.google.com:443 "GET / HTTP/1.1" 200 None
06/30 06:49:49 Starting new HTTPS connection (1): www.google.com:443
06/30 06:49:49 https://www.google.com:443 "GET / HTTP/1.1" 200 None
06/30 06:49:50 Starting new HTTPS connection (1): www.google.com:443
06/30 06:49:50 https://www.google.com:443 "GET / HTTP/1.1" 200 None
06/30 06:49:51 Starting new HTTPS connection (1): www.google.com:443
06/30 06:49:51 https://www.google.com:443 "GET / HTTP/1.1" 200 None
06/30 06:49:52 Starting new HTTPS connection (1): www.google.com:443
06/30 06:49:52 https://www.google.com:443 "GET / HTTP/1.1" 200 None
06/30 06:49:53 Starting new HTTPS connection (1): www.google.com:443
06/30 06:49:53 https://www.google.com:443 "GET / HTTP/1.1" 200 None
06/30 06:49:54 Starting new HTTPS connection (1): www.google.com:443
06/30 06:49:54 https://www.google.com:443 "GET / HTTP/1.1" 200 None
06/30 06:49:55 Starting new HTTPS connection (1): www.google.com:443
06/30 06:49:55 https://www.google.com:443 "GET / HTTP/1.1" 200 None
06/30 06:49:56 Starting new HTTPS connection (1): www.google.com:443
06/30 06:49:56 https://www.google.com:443 "GET / HTTP/1.1" 200 None
06/30 06:49:57 Starting new HTTPS connection (1): www.google.com:443
06/30 06:49:57 https://www.google.com:443 "GET / HTTP/1.1" 200 None
06/30 06:49:58 Starting new HTTPS connection (1): www.google.com:443
06/30 06:49:58 https://www.google.com:443 "GET / HTTP/1.1" 200 None
06/30 06:49:59 Starting new HTTPS connection (1): www.google.com:443
06/30 06:49:59 https://www.google.com:443 "GET / HTTP/1.1" 200 None
06/30 06:50:00 Starting new HTTPS connection (1): www.google.com:443
06/30 06:50:00 https://www.google.com:443 "GET / HTTP/1.1" 200 None
06/30 06:50:01 Starting new HTTPS connection (1): www.google.com:443
06/30 06:50:01 https://www.google.com:443 "GET / HTTP/1.1" 200 None
06/30 06:50:02 Starting new HTTPS connection (1): www.google.com:443
06/30 06:50:02 https://www.google.com:443 "GET / HTTP/1.1" 200 None
06/30 06:50:03 Starting new HTTPS connection (1): www.google.com:443
06/30 06:50:03 https://www.google.com:443 "GET / HTTP/1.1" 200 None
06/30 06:50:04 Starting new HTTPS connection (1): www.google.com:443
06/30 06:50:04 https://www.google.com:443 "GET / HTTP/1.1" 200 None
06/30 06:50:05 Starting new HTTPS connection (1): www.google.com:443
06/30 06:50:05 https://www.google.com:443 "GET / HTTP/1.1" 200 None
06/30 06:50:06 Starting new HTTPS connection (1): www.google.com:443
06/30 06:50:06 https://www.google.com:443 "GET / HTTP/1.1" 200 None
06/30 06:50:07 Starting new HTTPS connection (1): www.google.com:443
06/30 06:50:07 https://www.google.com:443 "GET / HTTP/1.1" 200 None
06/30 06:50:08 Starting new HTTPS connection (1): www.google.com:443
06/30 06:50:08 https://www.google.com:443 "GET / HTTP/1.1" 200 None
06/30 06:50:09 Starting new HTTPS connection (1): www.google.com:443
06/30 06:50:09 https://www.google.com:443 "GET / HTTP/1.1" 200 None
06/30 06:50:10 Starting new HTTPS connection (1): www.google.com:443
06/30 06:50:10 https://www.google.com:443 "GET / HTTP/1.1" 200 None
06/30 06:50:11 Starting new HTTPS connection (1): www.google.com:443
06/30 06:50:11 https://www.google.com:443 "GET / HTTP/1.1" 200 None
06/30 06:50:12 Starting new HTTPS connection (1): www.google.com:443
06/30 06:50:12 https://www.google.com:443 "GET / HTTP/1.1" 200 None
06/30 06:50:13 Starting new HTTPS connection (1): www.google.com:443
06/30 06:50:13 https://www.google.com:443 "GET / HTTP/1.1" 200 None
06/30 06:50:14 Starting new HTTPS connection (1): www.google.com:443
06/30 06:50:14 https://www.google.com:443 "GET / HTTP/1.1" 200 None
06/30 06:50:15 Starting new HTTPS connection (1): www.google.com:443
06/30 06:50:15 https://www.google.com:443 "GET / HTTP/1.1" 200 None
06/30 06:50:16 Starting new HTTPS connection (1): www.google.com:443
06/30 06:50:16 https://www.google.com:443 "GET / HTTP/1.1" 200 None
06/30 06:50:17 Starting new HTTPS connection (1): www.google.com:443
06/30 06:50:17 https://www.google.com:443 "GET / HTTP/1.1" 200 None
06/30 06:50:18 Starting new HTTPS connection (1): www.google.com:443
06/30 06:50:18 https://www.google.com:443 "GET / HTTP/1.1" 200 None
06/30 06:50:19 Starting new HTTPS connection (1): www.google.com:443
06/30 06:50:19 https://www.google.com:443 "GET / HTTP/1.1" 200 None
06/30 06:50:20 Starting new HTTPS connection (1): www.google.com:443
06/30 06:50:20 https://www.google.com:443 "GET / HTTP/1.1" 200 None
06/30 06:50:21 Starting new HTTPS connection (1): www.google.com:443
06/30 06:50:21 https://www.google.com:443 "GET / HTTP/1.1" 200 None
06/30 06:50:22 Starting new HTTPS connection (1): www.google.com:443
06/30 06:50:22 https://www.google.com:443 "GET / HTTP/1.1" 200 None
06/30 06:50:23 Starting new HTTPS connection (1): www.google.com:443
06/30 06:50:23 https://www.google.com:443 "GET / HTTP/1.1" 200 None
06/30 06:50:24 Starting new HTTPS connection (1): www.google.com:443
06/30 06:50:24 https://www.google.com:443 "GET / HTTP/1.1" 200 None
06/30 06:50:25 Starting new HTTPS connection (1): www.google.com:443
06/30 06:50:25 https://www.google.com:443 "GET / HTTP/1.1" 200 None
06/30 06:50:26 Starting new HTTPS connection (1): www.google.com:443
06/30 06:50:26 https://www.google.com:443 "GET / HTTP/1.1" 200 None
06/30 06:50:27 Starting new HTTPS connection (1): www.google.com:443
06/30 06:50:27 https://www.google.com:443 "GET / HTTP/1.1" 200 None
06/30 06:50:28 Starting new HTTPS connection (1): www.google.com:443
06/30 06:50:28 https://www.google.com:443 "GET / HTTP/1.1" 200 None
06/30 06:50:29 Starting new HTTPS connection (1): www.google.com:443
06/30 06:50:29 https://www.google.com:443 "GET / HTTP/1.1" 200 None
06/30 06:50:30 Starting new HTTPS connection (1): www.google.com:443
06/30 06:50:30 https://www.google.com:443 "GET / HTTP/1.1" 200 None
06/30 06:50:31 Starting new HTTPS connection (1): www.google.com:443
06/30 06:50:31 https://www.google.com:443 "GET / HTTP/1.1" 200 None
06/30 06:50:32 Starting new HTTPS connection (1): www.google.com:443
06/30 06:50:32 https://www.google.com:443 "GET / HTTP/1.1" 200 None
06/30 06:50:33 Starting new HTTPS connection (1): www.google.com:443
06/30 06:50:33 https://www.google.com:443 "GET / HTTP/1.1" 200 None
06/30 06:50:34 Starting new HTTPS connection (1): www.google.com:443
06/30 06:50:34 https://www.google.com:443 "GET / HTTP/1.1" 200 None
06/30 06:50:35 Starting new HTTPS connection (1): www.google.com:443
06/30 06:50:35 https://www.google.com:443 "GET / HTTP/1.1" 200 None
06/30 06:50:36 Starting new HTTPS connection (1): www.google.com:443
06/30 06:50:36 https://www.google.com:443 "GET / HTTP/1.1" 200 None
06/30 06:50:37 Starting new HTTPS connection (1): www.google.com:443
06/30 06:50:37 https://www.google.com:443 "GET / HTTP/1.1" 200 None
06/30 06:50:38 Starting new HTTPS connection (1): www.google.com:443
06/30 06:50:38 https://www.google.com:443 "GET / HTTP/1.1" 200 None
06/30 06:50:39 Starting new HTTPS connection (1): www.google.com:443
06/30 06:50:39 https://www.google.com:443 "GET / HTTP/1.1" 200 None
06/30 06:50:40 Starting new HTTPS connection (1): www.google.com:443
06/30 06:50:40 https://www.google.com:443 "GET / HTTP/1.1" 200 None
06/30 06:50:41 Starting new HTTPS connection (1): www.google.com:443
06/30 06:50:41 https://www.google.com:443 "GET / HTTP/1.1" 200 None
06/30 06:50:42 Starting new HTTPS connection (1): www.google.com:443
06/30 06:50:42 https://www.google.com:443 "GET / HTTP/1.1" 200 None
06/30 06:50:43 Starting new HTTPS connection (1): www.google.com:443
06/30 06:50:43 https://www.google.com:443 "GET / HTTP/1.1" 200 None
06/30 06:50:44 Starting new HTTPS connection (1): www.google.com:443
06/30 06:50:44 https://www.google.com:443 "GET / HTTP/1.1" 200 None
06/30 06:50:45 Starting new HTTPS connection (1): www.google.com:443
06/30 06:50:45 https://www.google.com:443 "GET / HTTP/1.1" 200 None
06/30 06:50:46 Starting new HTTPS connection (1): www.google.com:443
06/30 06:50:46 https://www.google.com:443 "GET / HTTP/1.1" 200 None
06/30 06:50:47 Starting new HTTPS connection (1): www.google.com:443
06/30 06:50:47 https://www.google.com:443 "GET / HTTP/1.1" 200 None
06/30 06:50:48 Starting new HTTPS connection (1): www.google.com:443
06/30 06:50:48 https://www.google.com:443 "GET / HTTP/1.1" 200 None
06/30 06:50:49 Starting new HTTPS connection (1): www.google.com:443
06/30 06:50:49 https://www.google.com:443 "GET / HTTP/1.1" 200 None
06/30 06:50:50 Starting new HTTPS connection (1): www.google.com:443
06/30 06:50:50 https://www.google.com:443 "GET / HTTP/1.1" 200 None
06/30 06:50:51 Starting new HTTPS connection (1): www.google.com:443
06/30 06:50:51 https://www.google.com:443 "GET / HTTP/1.1" 200 None
06/30 06:50:52 Starting new HTTPS connection (1): www.google.com:443
06/30 06:50:52 https://www.google.com:443 "GET / HTTP/1.1" 200 None
06/30 06:50:53 Starting new HTTPS connection (1): www.google.com:443
06/30 06:50:53 https://www.google.com:443 "GET / HTTP/1.1" 200 None
06/30 06:50:54 Starting new HTTPS connection (1): www.google.com:443
06/30 06:50:54 https://www.google.com:443 "GET / HTTP/1.1" 200 None
06/30 06:50:55 Starting new HTTPS connection (1): www.google.com:443
06/30 06:50:55 https://www.google.com:443 "GET / HTTP/1.1" 200 None
06/30 06:50:56 Starting new HTTPS connection (1): www.google.com:443
06/30 06:50:56 https://www.google.com:443 "GET / HTTP/1.1" 200 None
06/30 06:50:57 Starting new HTTPS connection (1): www.google.com:443
06/30 06:50:57 https://www.google.com:443 "GET / HTTP/1.1" 200 None
06/30 06:50:58 Starting new HTTPS connection (1): www.google.com:443
06/30 06:50:58 https://www.google.com:443 "GET / HTTP/1.1" 200 None
06/30 06:50:59 Starting new HTTPS connection (1): www.google.com:443
06/30 06:50:59 https://www.google.com:443 "GET / HTTP/1.1" 200 None
06/30 06:51:00 Starting new HTTPS connection (1): www.google.com:443
06/30 06:51:00 https://www.google.com:443 "GET / HTTP/1.1" 200 None
06/30 06:51:01 Starting new HTTPS connection (1): www.google.com:443
06/30 06:51:01 https://www.google.com:443 "GET / HTTP/1.1" 200 None
06/30 06:51:02 Starting new HTTPS connection (1): www.google.com:443
06/30 06:51:02 https://www.google.com:443 "GET / HTTP/1.1" 200 None
06/30 06:51:03 Starting new HTTPS connection (1): www.google.com:443
06/30 06:51:03 https://www.google.com:443 "GET / HTTP/1.1" 200 None
06/30 06:51:04 Starting new HTTPS connection (1): www.google.com:443
06/30 06:51:04 https://www.google.com:443 "GET / HTTP/1.1" 200 None
06/30 06:51:05 Starting new HTTPS connection (1): www.google.com:443
06/30 06:51:05 https://www.google.com:443 "GET / HTTP/1.1" 200 None
06/30 06:51:06 Starting new HTTPS connection (1): www.google.com:443
06/30 06:51:06 https://www.google.com:443 "GET / HTTP/1.1" 200 None
06/30 06:51:07 Starting new HTTPS connection (1): www.google.com:443
06/30 06:51:07 https://www.google.com:443 "GET / HTTP/1.1" 200 None
06/30 06:51:08 Starting new HTTPS connection (1): www.google.com:443
06/30 06:51:08 https://www.google.com:443 "GET / HTTP/1.1" 200 None
06/30 06:51:09 Starting new HTTPS connection (1): www.google.com:443
06/30 06:51:09 https://www.google.com:443 "GET / HTTP/1.1" 200 None
06/30 06:51:10 Starting new HTTPS connection (1): www.google.com:443
06/30 06:51:10 https://www.google.com:443 "GET / HTTP/1.1" 200 None
06/30 06:51:11 Starting new HTTPS connection (1): www.google.com:443
06/30 06:51:11 https://www.google.com:443 "GET / HTTP/1.1" 200 None
06/30 06:51:12 Starting new HTTPS connection (1): www.google.com:443
06/30 06:51:12 https://www.google.com:443 "GET / HTTP/1.1" 200 None
06/30 06:51:13 Starting new HTTPS connection (1): www.google.com:443
06/30 06:51:13 https://www.google.com:443 "GET / HTTP/1.1" 200 None
06/30 06:51:14 Starting new HTTPS connection (1): www.google.com:443
06/30 06:51:14 https://www.google.com:443 "GET / HTTP/1.1" 200 None
06/30 06:51:15 Starting new HTTPS connection (1): www.google.com:443
06/30 06:51:15 https://www.google.com:443 "GET / HTTP/1.1" 200 None
06/30 06:51:16 Starting new HTTPS connection (1): www.google.com:443
06/30 06:51:16 https://www.google.com:443 "GET / HTTP/1.1" 200 None
06/30 06:51:17 Starting new HTTPS connection (1): www.google.com:443
06/30 06:51:17 https://www.google.com:443 "GET / HTTP/1.1" 200 None
06/30 06:51:18 Starting new HTTPS connection (1): www.google.com:443
06/30 06:51:18 https://www.google.com:443 "GET / HTTP/1.1" 200 None
06/30 06:51:19 Starting new HTTPS connection (1): www.google.com:443
06/30 06:51:19 https://www.google.com:443 "GET / HTTP/1.1" 200 None
06/30 06:51:20 Starting new HTTPS connection (1): www.google.com:443
06/30 06:51:20 https://www.google.com:443 "GET / HTTP/1.1" 200 None
06/30 06:51:21 Starting new HTTPS connection (1): www.google.com:443
06/30 06:51:21 https://www.google.com:443 "GET / HTTP/1.1" 200 None
06/30 06:51:22 Starting new HTTPS connection (1): www.google.com:443
06/30 06:51:22 https://www.google.com:443 "GET / HTTP/1.1" 200 None
06/30 06:51:23 Starting new HTTPS connection (1): www.google.com:443
06/30 06:51:23 https://www.google.com:443 "GET / HTTP/1.1" 200 None
06/30 06:51:24 Starting new HTTPS connection (1): www.google.com:443
06/30 06:51:24 https://www.google.com:443 "GET / HTTP/1.1" 200 None
06/30 06:51:25 Starting new HTTPS connection (1): www.google.com:443
06/30 06:51:25 https://www.google.com:443 "GET / HTTP/1.1" 200 None
06/30 06:51:26 Starting new HTTPS connection (1): www.google.com:443
06/30 06:51:26 https://www.google.com:443 "GET / HTTP/1.1" 200 None
06/30 06:51:27 Starting new HTTPS connection (1): www.google.com:443
06/30 06:51:27 https://www.google.com:443 "GET / HTTP/1.1" 200 None
06/30 06:51:28 Starting new HTTPS connection (1): www.google.com:443
06/30 06:51:28 https://www.google.com:443 "GET / HTTP/1.1" 200 None
06/30 06:51:29 Starting new HTTPS connection (1): www.google.com:443
06/30 06:51:29 https://www.google.com:443 "GET / HTTP/1.1" 200 None
06/30 06:51:30 Starting new HTTPS connection (1): www.google.com:443
06/30 06:51:30 https://www.google.com:443 "GET / HTTP/1.1" 200 None
06/30 06:51:31 Starting new HTTPS connection (1): www.google.com:443
06/30 06:51:31 https://www.google.com:443 "GET / HTTP/1.1" 200 None
06/30 06:51:32 Starting new HTTPS connection (1): www.google.com:443
06/30 06:51:32 https://www.google.com:443 "GET / HTTP/1.1" 200 None
06/30 06:51:33 Starting new HTTPS connection (1): www.google.com:443
06/30 06:51:33 https://www.google.com:443 "GET / HTTP/1.1" 200 None
06/30 06:51:34 Starting new HTTPS connection (1): www.google.com:443
06/30 06:51:34 https://www.google.com:443 "GET / HTTP/1.1" 200 None
06/30 06:51:35 Starting new HTTPS connection (1): www.google.com:443
06/30 06:51:35 https://www.google.com:443 "GET / HTTP/1.1" 200 None
06/30 06:51:36 Starting new HTTPS connection (1): www.google.com:443
06/30 06:51:36 https://www.google.com:443 "GET / HTTP/1.1" 200 None
06/30 06:51:37 Starting new HTTPS connection (1): www.google.com:443
06/30 06:51:37 https://www.google.com:443 "GET / HTTP/1.1" 200 None
06/30 06:51:38 Starting new HTTPS connection (1): www.google.com:443
06/30 06:51:38 https://www.google.com:443 "GET / HTTP/1.1" 200 None
06/30 06:51:39 Starting new HTTPS connection (1): www.google.com:443
06/30 06:51:39 https://www.google.com:443 "GET / HTTP/1.1" 200 None
06/30 06:51:40 Starting new HTTPS connection (1): www.google.com:443
06/30 06:51:40 https://www.google.com:443 "GET / HTTP/1.1" 200 None
06/30 06:51:41 Starting new HTTPS connection (1): www.google.com:443
06/30 06:51:41 https://www.google.com:443 "GET / HTTP/1.1" 200 None
06/30 06:51:42 Starting new HTTPS connection (1): www.google.com:443
06/30 06:51:42 https://www.google.com:443 "GET / HTTP/1.1" 200 None
06/30 06:51:43 Starting new HTTPS connection (1): www.google.com:443
06/30 06:51:43 https://www.google.com:443 "GET / HTTP/1.1" 200 None
06/30 06:51:44 Starting new HTTPS connection (1): www.google.com:443
06/30 06:51:44 https://www.google.com:443 "GET / HTTP/1.1" 200 None
06/30 06:51:45 Starting new HTTPS connection (1): www.google.com:443
06/30 06:51:45 https://www.google.com:443 "GET / HTTP/1.1" 200 None
06/30 06:51:46 Starting new HTTPS connection (1): www.google.com:443
06/30 06:51:46 https://www.google.com:443 "GET / HTTP/1.1" 200 None
06/30 06:51:47 Starting new HTTPS connection (1): www.google.com:443
06/30 06:51:47 https://www.google.com:443 "GET / HTTP/1.1" 200 None
06/30 06:51:48 Starting new HTTPS connection (1): www.google.com:443
06/30 06:51:48 https://www.google.com:443 "GET / HTTP/1.1" 200 None
06/30 06:51:49 Starting new HTTPS connection (1): www.google.com:443
06/30 06:51:49 https://www.google.com:443 "GET / HTTP/1.1" 200 None
06/30 06:51:50 Starting new HTTPS connection (1): www.google.com:443
06/30 06:51:50 https://www.google.com:443 "GET / HTTP/1.1" 200 None
06/30 06:51:51 Starting new HTTPS connection (1): www.google.com:443
06/30 06:51:51 https://www.google.com:443 "GET / HTTP/1.1" 200 None
06/30 06:51:52 Starting new HTTPS connection (1): www.google.com:443
06/30 06:51:52 https://www.google.com:443 "GET / HTTP/1.1" 200 None
06/30 06:51:53 Starting new HTTPS connection (1): www.google.com:443
06/30 06:51:53 https://www.google.com:443 "GET / HTTP/1.1" 200 None
06/30 06:51:54 Starting new HTTPS connection (1): www.google.com:443
06/30 06:51:54 https://www.google.com:443 "GET / HTTP/1.1" 200 None
06/30 06:51:55 Starting new HTTPS connection (1): www.google.com:443
06/30 06:51:55 https://www.google.com:443 "GET / HTTP/1.1" 200 None
06/30 06:51:56 Starting new HTTPS connection (1): www.google.com:443
06/30 06:51:56 https://www.google.com:443 "GET / HTTP/1.1" 200 None
06/30 06:51:57 Starting new HTTPS connection (1): www.google.com:443
06/30 06:51:57 https://www.google.com:443 "GET / HTTP/1.1" 200 None
06/30 06:51:58 Starting new HTTPS connection (1): www.google.com:443
06/30 06:51:58 https://www.google.com:443 "GET / HTTP/1.1" 200 None
06/30 06:51:59 Starting new HTTPS connection (1): www.google.com:443
06/30 06:51:59 https://www.google.com:443 "GET / HTTP/1.1" 200 None
06/30 06:52:00 Starting new HTTPS connection (1): www.google.com:443
06/30 06:52:00 https://www.google.com:443 "GET / HTTP/1.1" 200 None
06/30 06:52:01 Starting new HTTPS connection (1): www.google.com:443
06/30 06:52:01 https://www.google.com:443 "GET / HTTP/1.1" 200 None
06/30 06:52:02 Starting new HTTPS connection (1): www.google.com:443
06/30 06:52:02 https://www.google.com:443 "GET / HTTP/1.1" 200 None
06/30 06:52:03 Starting new HTTPS connection (1): www.google.com:443
06/30 06:52:03 https://www.google.com:443 "GET / HTTP/1.1" 200 None
06/30 06:52:04 Starting new HTTPS connection (1): www.google.com:443
06/30 06:52:04 https://www.google.com:443 "GET / HTTP/1.1" 200 None
06/30 06:52:05 Starting new HTTPS connection (1): www.google.com:443
06/30 06:52:05 https://www.google.com:443 "GET / HTTP/1.1" 200 None
06/30 06:52:06 Starting new HTTPS connection (1): www.google.com:443
06/30 06:52:06 https://www.google.com:443 "GET / HTTP/1.1" 200 None
06/30 06:52:07 Starting new HTTPS connection (1): www.google.com:443
06/30 06:52:07 https://www.google.com:443 "GET / HTTP/1.1" 200 None
06/30 06:52:08 Starting new HTTPS connection (1): www.google.com:443
06/30 06:52:08 https://www.google.com:443 "GET / HTTP/1.1" 200 None
06/30 06:52:09 Starting new HTTPS connection (1): www.google.com:443
06/30 06:52:09 https://www.google.com:443 "GET / HTTP/1.1" 200 None
06/30 06:52:10 Starting new HTTPS connection (1): www.google.com:443
06/30 06:52:10 https://www.google.com:443 "GET / HTTP/1.1" 200 None
06/30 06:52:11 Starting new HTTPS connection (1): www.google.com:443
06/30 06:52:11 https://www.google.com:443 "GET / HTTP/1.1" 200 None
06/30 06:52:12 Starting new HTTPS connection (1): www.google.com:443
06/30 06:52:12 https://www.google.com:443 "GET / HTTP/1.1" 200 None
06/30 06:52:13 Starting new HTTPS connection (1): www.google.com:443
06/30 06:52:13 https://www.google.com:443 "GET / HTTP/1.1" 200 None
06/30 06:52:14 Starting new HTTPS connection (1): www.google.com:443
06/30 06:52:14 https://www.google.com:443 "GET / HTTP/1.1" 200 None
06/30 06:52:15 Starting new HTTPS connection (1): www.google.com:443
06/30 06:52:15 https://www.google.com:443 "GET / HTTP/1.1" 200 None
06/30 06:52:16 Starting new HTTPS connection (1): www.google.com:443
06/30 06:52:16 https://www.google.com:443 "GET / HTTP/1.1" 200 None
06/30 06:52:17 Starting new HTTPS connection (1): www.google.com:443
06/30 06:52:17 https://www.google.com:443 "GET / HTTP/1.1" 200 None
06/30 06:52:18 Starting new HTTPS connection (1): www.google.com:443
06/30 06:52:18 https://www.google.com:443 "GET / HTTP/1.1" 200 None
06/30 06:52:19 Starting new HTTPS connection (1): www.google.com:443
06/30 06:52:19 https://www.google.com:443 "GET / HTTP/1.1" 200 None
06/30 06:52:20 Starting new HTTPS connection (1): www.google.com:443
06/30 06:52:20 https://www.google.com:443 "GET / HTTP/1.1" 200 None
06/30 06:52:21 Starting new HTTPS connection (1): www.google.com:443
06/30 06:52:21 https://www.google.com:443 "GET / HTTP/1.1" 200 None
06/30 06:52:22 Starting new HTTPS connection (1): www.google.com:443
06/30 06:52:22 https://www.google.com:443 "GET / HTTP/1.1" 200 None
06/30 06:52:23 Starting new HTTPS connection (1): www.google.com:443
06/30 06:52:23 https://www.google.com:443 "GET / HTTP/1.1" 200 None
06/30 06:52:24 Starting new HTTPS connection (1): www.google.com:443
06/30 06:52:24 https://www.google.com:443 "GET / HTTP/1.1" 200 None
06/30 06:52:25 Starting new HTTPS connection (1): www.google.com:443
06/30 06:52:25 https://www.google.com:443 "GET / HTTP/1.1" 200 None
06/30 06:52:26 Starting new HTTPS connection (1): www.google.com:443
06/30 06:52:26 https://www.google.com:443 "GET / HTTP/1.1" 200 None
06/30 06:52:27 Starting new HTTPS connection (1): www.google.com:443
06/30 06:52:27 https://www.google.com:443 "GET / HTTP/1.1" 200 None
06/30 06:52:28 Starting new HTTPS connection (1): www.google.com:443
06/30 06:52:28 https://www.google.com:443 "GET / HTTP/1.1" 200 None
06/30 06:52:29 Starting new HTTPS connection (1): www.google.com:443
06/30 06:52:29 https://www.google.com:443 "GET / HTTP/1.1" 200 None
06/30 06:52:30 Starting new HTTPS connection (1): www.google.com:443
06/30 06:52:30 https://www.google.com:443 "GET / HTTP/1.1" 200 None
06/30 06:52:31 Starting new HTTPS connection (1): www.google.com:443
06/30 06:52:31 https://www.google.com:443 "GET / HTTP/1.1" 200 None
06/30 06:52:32 Starting new HTTPS connection (1): www.google.com:443
06/30 06:52:32 https://www.google.com:443 "GET / HTTP/1.1" 200 None
06/30 06:52:33 Starting new HTTPS connection (1): www.google.com:443
06/30 06:52:33 https://www.google.com:443 "GET / HTTP/1.1" 200 None
06/30 06:52:34 Starting new HTTPS connection (1): www.google.com:443
06/30 06:52:34 https://www.google.com:443 "GET / HTTP/1.1" 200 None
06/30 06:52:35 Starting new HTTPS connection (1): www.google.com:443
06/30 06:52:35 https://www.google.com:443 "GET / HTTP/1.1" 200 None
06/30 06:52:36 Starting new HTTPS connection (1): www.google.com:443
06/30 06:52:36 https://www.google.com:443 "GET / HTTP/1.1" 200 None
06/30 06:52:37 Starting new HTTPS connection (1): www.google.com:443
06/30 06:52:37 https://www.google.com:443 "GET / HTTP/1.1" 200 None
06/30 06:52:38 Starting new HTTPS connection (1): www.google.com:443
06/30 06:52:38 https://www.google.com:443 "GET / HTTP/1.1" 200 None
06/30 06:52:39 Starting new HTTPS connection (1): www.google.com:443
06/30 06:52:39 https://www.google.com:443 "GET / HTTP/1.1" 200 None
06/30 06:52:40 Starting new HTTPS connection (1): www.google.com:443
06/30 06:52:40 https://www.google.com:443 "GET / HTTP/1.1" 200 None
06/30 06:52:41 Starting new HTTPS connection (1): www.google.com:443
06/30 06:52:41 https://www.google.com:443 "GET / HTTP/1.1" 200 None
06/30 06:52:42 Starting new HTTPS connection (1): www.google.com:443
06/30 06:52:42 https://www.google.com:443 "GET / HTTP/1.1" 200 None
06/30 06:52:43 Starting new HTTPS connection (1): www.google.com:443
06/30 06:52:43 https://www.google.com:443 "GET / HTTP/1.1" 200 None
06/30 06:52:44 Starting new HTTPS connection (1): www.google.com:443
06/30 06:52:44 https://www.google.com:443 "GET / HTTP/1.1" 200 None
06/30 06:52:45 Starting new HTTPS connection (1): www.google.com:443
06/30 06:52:45 https://www.google.com:443 "GET / HTTP/1.1" 200 None
06/30 06:52:46 Starting new HTTPS connection (1): www.google.com:443
06/30 06:52:46 https://www.google.com:443 "GET / HTTP/1.1" 200 None
06/30 06:52:47 Starting new HTTPS connection (1): www.google.com:443
06/30 06:52:47 https://www.google.com:443 "GET / HTTP/1.1" 200 None
06/30 06:52:48 Starting new HTTPS connection (1): www.google.com:443
06/30 06:52:48 https://www.google.com:443 "GET / HTTP/1.1" 200 None
06/30 06:52:49 Starting new HTTPS connection (1): www.google.com:443
06/30 06:52:49 https://www.google.com:443 "GET / HTTP/1.1" 200 None
06/30 06:52:50 Starting new HTTPS connection (1): www.google.com:443
06/30 06:52:50 https://www.google.com:443 "GET / HTTP/1.1" 200 None
06/30 06:52:51 Starting new HTTPS connection (1): www.google.com:443
06/30 06:52:51 https://www.google.com:443 "GET / HTTP/1.1" 200 None
06/30 06:52:52 Starting new HTTPS connection (1): www.google.com:443
06/30 06:52:52 https://www.google.com:443 "GET / HTTP/1.1" 200 None
06/30 06:52:53 Starting new HTTPS connection (1): www.google.com:443
06/30 06:52:53 https://www.google.com:443 "GET / HTTP/1.1" 200 None
06/30 06:52:54 Starting new HTTPS connection (1): www.google.com:443
06/30 06:52:54 https://www.google.com:443 "GET / HTTP/1.1" 200 None
06/30 06:52:55 Starting new HTTPS connection (1): www.google.com:443
06/30 06:52:55 https://www.google.com:443 "GET / HTTP/1.1" 200 None
06/30 06:52:56 Starting new HTTPS connection (1): www.google.com:443
06/30 06:52:56 https://www.google.com:443 "GET / HTTP/1.1" 200 None
06/30 06:52:57 Starting new HTTPS connection (1): www.google.com:443
06/30 06:52:57 https://www.google.com:443 "GET / HTTP/1.1" 200 None
06/30 06:52:58 Starting new HTTPS connection (1): www.google.com:443
06/30 06:52:58 https://www.google.com:443 "GET / HTTP/1.1" 200 None
06/30 06:52:59 Starting new HTTPS connection (1): www.google.com:443
06/30 06:52:59 https://www.google.com:443 "GET / HTTP/1.1" 200 None
06/30 06:53:00 Starting new HTTPS connection (1): www.google.com:443
06/30 06:53:00 https://www.google.com:443 "GET / HTTP/1.1" 200 None
06/30 06:53:01 Starting new HTTPS connection (1): www.google.com:443
06/30 06:53:01 https://www.google.com:443 "GET / HTTP/1.1" 200 None
06/30 06:53:02 Starting new HTTPS connection (1): www.google.com:443
06/30 06:53:02 https://www.google.com:443 "GET / HTTP/1.1" 200 None
06/30 06:53:03 Starting new HTTPS connection (1): www.google.com:443
06/30 06:53:03 https://www.google.com:443 "GET / HTTP/1.1" 200 None
06/30 06:53:04 Starting new HTTPS connection (1): www.google.com:443
06/30 06:53:04 https://www.google.com:443 "GET / HTTP/1.1" 200 None
06/30 06:53:05 Starting new HTTPS connection (1): www.google.com:443
06/30 06:53:05 https://www.google.com:443 "GET / HTTP/1.1" 200 None
06/30 06:53:06 Starting new HTTPS connection (1): www.google.com:443
06/30 06:53:06 https://www.google.com:443 "GET / HTTP/1.1" 200 None
06/30 06:53:07 Starting new HTTPS connection (1): www.google.com:443
06/30 06:53:07 https://www.google.com:443 "GET / HTTP/1.1" 200 None
06/30 06:53:08 Starting new HTTPS connection (1): www.google.com:443
06/30 06:53:08 https://www.google.com:443 "GET / HTTP/1.1" 200 None
06/30 06:53:09 Starting new HTTPS connection (1): www.google.com:443
06/30 06:53:09 https://www.google.com:443 "GET / HTTP/1.1" 200 None
06/30 06:53:10 Starting new HTTPS connection (1): www.google.com:443
06/30 06:53:10 https://www.google.com:443 "GET / HTTP/1.1" 200 None
06/30 06:53:11 Starting new HTTPS connection (1): www.google.com:443
06/30 06:53:11 https://www.google.com:443 "GET / HTTP/1.1" 200 None
06/30 06:53:12 Starting new HTTPS connection (1): www.google.com:443
06/30 06:53:12 https://www.google.com:443 "GET / HTTP/1.1" 200 None
06/30 06:53:13 Starting new HTTPS connection (1): www.google.com:443
06/30 06:53:13 https://www.google.com:443 "GET / HTTP/1.1" 200 None
06/30 06:53:14 Starting new HTTPS connection (1): www.google.com:443
06/30 06:53:14 https://www.google.com:443 "GET / HTTP/1.1" 200 None
06/30 06:53:15 Starting new HTTPS connection (1): www.google.com:443
06/30 06:53:15 https://www.google.com:443 "GET / HTTP/1.1" 200 None
06/30 06:53:16 Starting new HTTPS connection (1): www.google.com:443
06/30 06:53:16 https://www.google.com:443 "GET / HTTP/1.1" 200 None
06/30 06:53:17 Starting new HTTPS connection (1): www.google.com:443
06/30 06:53:17 https://www.google.com:443 "GET / HTTP/1.1" 200 None
06/30 06:53:18 Starting new HTTPS connection (1): www.google.com:443
06/30 06:53:18 https://www.google.com:443 "GET / HTTP/1.1" 200 None
06/30 06:53:19 Starting new HTTPS connection (1): www.google.com:443
06/30 06:53:19 https://www.google.com:443 "GET / HTTP/1.1" 200 None
06/30 06:53:20 Starting new HTTPS connection (1): www.google.com:443
06/30 06:53:20 https://www.google.com:443 "GET / HTTP/1.1" 200 None
06/30 06:53:21 Starting new HTTPS connection (1): www.google.com:443
06/30 06:53:21 https://www.google.com:443 "GET / HTTP/1.1" 200 None
06/30 06:53:22 Starting new HTTPS connection (1): www.google.com:443
06/30 06:53:22 https://www.google.com:443 "GET / HTTP/1.1" 200 None
06/30 06:53:23 Starting new HTTPS connection (1): www.google.com:443
06/30 06:53:23 https://www.google.com:443 "GET / HTTP/1.1" 200 None
06/30 06:53:24 Starting new HTTPS connection (1): www.google.com:443
06/30 06:53:24 https://www.google.com:443 "GET / HTTP/1.1" 200 None
06/30 06:53:25 Starting new HTTPS connection (1): www.google.com:443
06/30 06:53:25 https://www.google.com:443 "GET / HTTP/1.1" 200 None
06/30 06:53:26 Starting new HTTPS connection (1): www.google.com:443
06/30 06:53:26 https://www.google.com:443 "GET / HTTP/1.1" 200 None
06/30 06:53:27 Starting new HTTPS connection (1): www.google.com:443
06/30 06:53:27 https://www.google.com:443 "GET / HTTP/1.1" 200 None
06/30 06:53:28 Starting new HTTPS connection (1): www.google.com:443
06/30 06:53:28 https://www.google.com:443 "GET / HTTP/1.1" 200 None
06/30 06:53:29 Starting new HTTPS connection (1): www.google.com:443
06/30 06:53:29 https://www.google.com:443 "GET / HTTP/1.1" 200 None
06/30 06:53:30 Starting new HTTPS connection (1): www.google.com:443
06/30 06:53:30 https://www.google.com:443 "GET / HTTP/1.1" 200 None
06/30 06:53:31 Starting new HTTPS connection (1): www.google.com:443
06/30 06:53:31 https://www.google.com:443 "GET / HTTP/1.1" 200 None
06/30 06:53:32 Starting new HTTPS connection (1): www.google.com:443
06/30 06:53:32 https://www.google.com:443 "GET / HTTP/1.1" 200 None
06/30 06:53:33 Starting new HTTPS connection (1): www.google.com:443
06/30 06:53:33 https://www.google.com:443 "GET / HTTP/1.1" 200 None
06/30 06:53:34 Starting new HTTPS connection (1): www.google.com:443
06/30 06:53:34 https://www.google.com:443 "GET / HTTP/1.1" 200 None
06/30 06:53:35 Starting new HTTPS connection (1): www.google.com:443
06/30 06:53:35 https://www.google.com:443 "GET / HTTP/1.1" 200 None
06/30 06:53:36 Starting new HTTPS connection (1): www.google.com:443
06/30 06:53:36 https://www.google.com:443 "GET / HTTP/1.1" 200 None
06/30 06:53:37 Starting new HTTPS connection (1): www.google.com:443
06/30 06:53:37 https://www.google.com:443 "GET / HTTP/1.1" 200 None
06/30 06:53:38 Starting new HTTPS connection (1): www.google.com:443
06/30 06:53:38 https://www.google.com:443 "GET / HTTP/1.1" 200 None
06/30 06:53:39 Starting new HTTPS connection (1): www.google.com:443
06/30 06:53:39 https://www.google.com:443 "GET / HTTP/1.1" 200 None
06/30 06:53:40 Starting new HTTPS connection (1): www.google.com:443
06/30 06:53:40 https://www.google.com:443 "GET / HTTP/1.1" 200 None
06/30 06:53:41 Starting new HTTPS connection (1): www.google.com:443
06/30 06:53:41 https://www.google.com:443 "GET / HTTP/1.1" 200 None
06/30 06:53:42 Starting new HTTPS connection (1): www.google.com:443
06/30 06:53:42 https://www.google.com:443 "GET / HTTP/1.1" 200 None
06/30 06:53:43 Starting new HTTPS connection (1): www.google.com:443
06/30 06:53:43 https://www.google.com:443 "GET / HTTP/1.1" 200 None
06/30 06:53:44 Starting new HTTPS connection (1): www.google.com:443
06/30 06:53:44 https://www.google.com:443 "GET / HTTP/1.1" 200 None
06/30 06:53:45 Starting new HTTPS connection (1): www.google.com:443
06/30 06:53:45 https://www.google.com:443 "GET / HTTP/1.1" 200 None
06/30 06:53:46 Starting new HTTPS connection (1): www.google.com:443
06/30 06:53:46 https://www.google.com:443 "GET / HTTP/1.1" 200 None
06/30 06:53:47 Starting new HTTPS connection (1): www.google.com:443
06/30 06:53:47 https://www.google.com:443 "GET / HTTP/1.1" 200 None
06/30 06:53:48 Starting new HTTPS connection (1): www.google.com:443
06/30 06:53:48 https://www.google.com:443 "GET / HTTP/1.1" 200 None
06/30 06:53:49 Starting new HTTPS connection (1): www.google.com:443
06/30 06:53:49 https://www.google.com:443 "GET / HTTP/1.1" 200 None
06/30 06:53:50 Starting new HTTPS connection (1): www.google.com:443
06/30 06:53:50 https://www.google.com:443 "GET / HTTP/1.1" 200 None
06/30 06:53:51 Starting new HTTPS connection (1): www.google.com:443
06/30 06:53:51 https://www.google.com:443 "GET / HTTP/1.1" 200 None
06/30 06:53:52 Starting new HTTPS connection (1): www.google.com:443
06/30 06:53:52 https://www.google.com:443 "GET / HTTP/1.1" 200 None
06/30 06:53:53 Starting new HTTPS connection (1): www.google.com:443
06/30 06:53:53 https://www.google.com:443 "GET / HTTP/1.1" 200 None
06/30 06:53:54 Starting new HTTPS connection (1): www.google.com:443
06/30 06:53:54 https://www.google.com:443 "GET / HTTP/1.1" 200 None
06/30 06:53:55 Starting new HTTPS connection (1): www.google.com:443
06/30 06:53:55 https://www.google.com:443 "GET / HTTP/1.1" 200 None
06/30 06:53:56 Starting new HTTPS connection (1): www.google.com:443
06/30 06:53:56 https://www.google.com:443 "GET / HTTP/1.1" 200 None
06/30 06:53:57 Starting new HTTPS connection (1): www.google.com:443
06/30 06:53:57 https://www.google.com:443 "GET / HTTP/1.1" 200 None
06/30 06:53:58 Starting new HTTPS connection (1): www.google.com:443
06/30 06:53:58 https://www.google.com:443 "GET / HTTP/1.1" 200 None
06/30 06:53:59 Starting new HTTPS connection (1): www.google.com:443
06/30 06:53:59 https://www.google.com:443 "GET / HTTP/1.1" 200 None
06/30 06:54:00 Starting new HTTPS connection (1): www.google.com:443
06/30 06:54:00 https://www.google.com:443 "GET / HTTP/1.1" 200 None
06/30 06:54:01 Starting new HTTPS connection (1): www.google.com:443
06/30 06:54:01 https://www.google.com:443 "GET / HTTP/1.1" 200 None
06/30 06:54:02 Starting new HTTPS connection (1): www.google.com:443
06/30 06:54:02 https://www.google.com:443 "GET / HTTP/1.1" 200 None
06/30 06:54:03 Starting new HTTPS connection (1): www.google.com:443
06/30 06:54:03 https://www.google.com:443 "GET / HTTP/1.1" 200 None
06/30 06:54:04 Starting new HTTPS connection (1): www.google.com:443
06/30 06:54:04 https://www.google.com:443 "GET / HTTP/1.1" 200 None
06/30 06:54:05 Starting new HTTPS connection (1): www.google.com:443
06/30 06:54:05 https://www.google.com:443 "GET / HTTP/1.1" 200 None
06/30 06:54:06 Starting new HTTPS connection (1): www.google.com:443
06/30 06:54:06 https://www.google.com:443 "GET / HTTP/1.1" 200 None
06/30 06:54:07 Starting new HTTPS connection (1): www.google.com:443
06/30 06:54:07 https://www.google.com:443 "GET / HTTP/1.1" 200 None
06/30 06:54:08 Starting new HTTPS connection (1): www.google.com:443
06/30 06:54:08 https://www.google.com:443 "GET / HTTP/1.1" 200 None
06/30 06:54:09 Starting new HTTPS connection (1): www.google.com:443
06/30 06:54:09 https://www.google.com:443 "GET / HTTP/1.1" 200 None
06/30 06:54:10 Starting new HTTPS connection (1): www.google.com:443
06/30 06:54:10 https://www.google.com:443 "GET / HTTP/1.1" 200 None
06/30 06:54:11 Starting new HTTPS connection (1): www.google.com:443
06/30 06:54:11 https://www.google.com:443 "GET / HTTP/1.1" 200 None
06/30 06:54:12 Starting new HTTPS connection (1): www.google.com:443
06/30 06:54:12 https://www.google.com:443 "GET / HTTP/1.1" 200 None
06/30 06:54:13 Starting new HTTPS connection (1): www.google.com:443
06/30 06:54:13 https://www.google.com:443 "GET / HTTP/1.1" 200 None
06/30 06:54:14 Starting new HTTPS connection (1): www.google.com:443
06/30 06:54:14 https://www.google.com:443 "GET / HTTP/1.1" 200 None
06/30 06:54:15 Starting new HTTPS connection (1): www.google.com:443
06/30 06:54:15 https://www.google.com:443 "GET / HTTP/1.1" 200 None
06/30 06:54:16 Starting new HTTPS connection (1): www.google.com:443
06/30 06:54:16 https://www.google.com:443 "GET / HTTP/1.1" 200 None
06/30 06:54:17 Starting new HTTPS connection (1): www.google.com:443
06/30 06:54:17 https://www.google.com:443 "GET / HTTP/1.1" 200 None
06/30 06:54:18 Starting new HTTPS connection (1): www.google.com:443
06/30 06:54:18 https://www.google.com:443 "GET / HTTP/1.1" 200 None
06/30 06:54:19 Starting new HTTPS connection (1): www.google.com:443
06/30 06:54:19 https://www.google.com:443 "GET / HTTP/1.1" 200 None
06/30 06:54:20 Starting new HTTPS connection (1): www.google.com:443
06/30 06:54:20 https://www.google.com:443 "GET / HTTP/1.1" 200 None
06/30 06:54:21 Starting new HTTPS connection (1): www.google.com:443
06/30 06:54:21 https://www.google.com:443 "GET / HTTP/1.1" 200 None
06/30 06:54:22 Starting new HTTPS connection (1): www.google.com:443
06/30 06:54:22 https://www.google.com:443 "GET / HTTP/1.1" 200 None
06/30 06:54:23 Starting new HTTPS connection (1): www.google.com:443
06/30 06:54:23 https://www.google.com:443 "GET / HTTP/1.1" 200 None
06/30 06:54:24 Starting new HTTPS connection (1): www.google.com:443
06/30 06:54:24 https://www.google.com:443 "GET / HTTP/1.1" 200 None
06/30 06:54:25 Starting new HTTPS connection (1): www.google.com:443
06/30 06:54:25 https://www.google.com:443 "GET / HTTP/1.1" 200 None
06/30 06:54:26 Starting new HTTPS connection (1): www.google.com:443
06/30 06:54:26 https://www.google.com:443 "GET / HTTP/1.1" 200 None
06/30 06:54:27 Starting new HTTPS connection (1): www.google.com:443
06/30 06:54:27 https://www.google.com:443 "GET / HTTP/1.1" 200 None
06/30 06:54:28 Starting new HTTPS connection (1): www.google.com:443
06/30 06:54:28 https://www.google.com:443 "GET / HTTP/1.1" 200 None
06/30 06:54:29 Starting new HTTPS connection (1): www.google.com:443
06/30 06:54:29 https://www.google.com:443 "GET / HTTP/1.1" 200 None
06/30 06:54:30 Starting new HTTPS connection (1): www.google.com:443
06/30 06:54:30 https://www.google.com:443 "GET / HTTP/1.1" 200 None
06/30 06:54:31 Starting new HTTPS connection (1): www.google.com:443
06/30 06:54:31 https://www.google.com:443 "GET / HTTP/1.1" 200 None
06/30 06:54:32 Starting new HTTPS connection (1): www.google.com:443
06/30 06:54:32 https://www.google.com:443 "GET / HTTP/1.1" 200 None
06/30 06:54:33 Starting new HTTPS connection (1): www.google.com:443
06/30 06:54:33 https://www.google.com:443 "GET / HTTP/1.1" 200 None
06/30 06:54:34 Starting new HTTPS connection (1): www.google.com:443
06/30 06:54:34 https://www.google.com:443 "GET / HTTP/1.1" 200 None
06/30 06:54:35 Starting new HTTPS connection (1): www.google.com:443
06/30 06:54:35 https://www.google.com:443 "GET / HTTP/1.1" 200 None
06/30 06:54:36 Starting new HTTPS connection (1): www.google.com:443
06/30 06:54:36 https://www.google.com:443 "GET / HTTP/1.1" 200 None
06/30 06:54:37 Starting new HTTPS connection (1): www.google.com:443
06/30 06:54:37 https://www.google.com:443 "GET / HTTP/1.1" 200 None
06/30 06:54:38 Starting new HTTPS connection (1): www.google.com:443
06/30 06:54:38 https://www.google.com:443 "GET / HTTP/1.1" 200 None
06/30 06:54:39 Starting new HTTPS connection (1): www.google.com:443
06/30 06:54:39 https://www.google.com:443 "GET / HTTP/1.1" 200 None
06/30 06:54:40 Starting new HTTPS connection (1): www.google.com:443
06/30 06:54:40 https://www.google.com:443 "GET / HTTP/1.1" 200 None
06/30 06:54:41 Starting new HTTPS connection (1): www.google.com:443
06/30 06:54:41 https://www.google.com:443 "GET / HTTP/1.1" 200 None
06/30 06:54:42 Starting new HTTPS connection (1): www.google.com:443
06/30 06:54:42 https://www.google.com:443 "GET / HTTP/1.1" 200 None
06/30 06:54:43 Starting new HTTPS connection (1): www.google.com:443
06/30 06:54:43 https://www.google.com:443 "GET / HTTP/1.1" 200 None
06/30 06:54:44 Starting new HTTPS connection (1): www.google.com:443
06/30 06:54:44 https://www.google.com:443 "GET / HTTP/1.1" 200 None
06/30 06:54:45 Starting new HTTPS connection (1): www.google.com:443
06/30 06:54:45 https://www.google.com:443 "GET / HTTP/1.1" 200 None
06/30 06:54:46 Starting new HTTPS connection (1): www.google.com:443
06/30 06:54:46 https://www.google.com:443 "GET / HTTP/1.1" 200 None
06/30 06:54:47 Starting new HTTPS connection (1): www.google.com:443
06/30 06:54:47 https://www.google.com:443 "GET / HTTP/1.1" 200 None
06/30 06:54:48 Starting new HTTPS connection (1): www.google.com:443
06/30 06:54:48 https://www.google.com:443 "GET / HTTP/1.1" 200 None
06/30 06:54:49 Starting new HTTPS connection (1): www.google.com:443
06/30 06:54:49 https://www.google.com:443 "GET / HTTP/1.1" 200 None
06/30 06:54:50 Starting new HTTPS connection (1): www.google.com:443
06/30 06:54:50 https://www.google.com:443 "GET / HTTP/1.1" 200 None
06/30 06:54:51 Starting new HTTPS connection (1): www.google.com:443
06/30 06:54:51 https://www.google.com:443 "GET / HTTP/1.1" 200 None
06/30 06:54:52 Starting new HTTPS connection (1): www.google.com:443
06/30 06:54:52 https://www.google.com:443 "GET / HTTP/1.1" 200 None
06/30 06:54:53 Starting new HTTPS connection (1): www.google.com:443
06/30 06:54:53 https://www.google.com:443 "GET / HTTP/1.1" 200 None
06/30 06:54:54 Starting new HTTPS connection (1): www.google.com:443
06/30 06:54:54 https://www.google.com:443 "GET / HTTP/1.1" 200 None
06/30 06:54:55 Starting new HTTPS connection (1): www.google.com:443
06/30 06:54:55 https://www.google.com:443 "GET / HTTP/1.1" 200 None
06/30 06:54:56 Starting new HTTPS connection (1): www.google.com:443
06/30 06:54:56 https://www.google.com:443 "GET / HTTP/1.1" 200 None
06/30 06:54:57 Starting new HTTPS connection (1): www.google.com:443
06/30 06:54:57 https://www.google.com:443 "GET / HTTP/1.1" 200 None
06/30 06:54:58 Starting new HTTPS connection (1): www.google.com:443
06/30 06:54:58 https://www.google.com:443 "GET / HTTP/1.1" 200 None
06/30 06:54:59 Starting new HTTPS connection (1): www.google.com:443
06/30 06:54:59 https://www.google.com:443 "GET / HTTP/1.1" 200 None
06/30 06:55:00 Starting new HTTPS connection (1): www.google.com:443
06/30 06:55:00 https://www.google.com:443 "GET / HTTP/1.1" 200 None
06/30 06:55:01 Starting new HTTPS connection (1): www.google.com:443
06/30 06:55:01 https://www.google.com:443 "GET / HTTP/1.1" 200 None
06/30 06:55:02 Starting new HTTPS connection (1): www.google.com:443
06/30 06:55:02 https://www.google.com:443 "GET / HTTP/1.1" 200 None
06/30 06:55:03 Starting new HTTPS connection (1): www.google.com:443
06/30 06:55:03 https://www.google.com:443 "GET / HTTP/1.1" 200 None
06/30 06:55:04 Starting new HTTPS connection (1): www.google.com:443
06/30 06:55:04 https://www.google.com:443 "GET / HTTP/1.1" 200 None
06/30 06:55:05 Starting new HTTPS connection (1): www.google.com:443
06/30 06:55:05 https://www.google.com:443 "GET / HTTP/1.1" 200 None
06/30 06:55:06 Starting new HTTPS connection (1): www.google.com:443
06/30 06:55:06 https://www.google.com:443 "GET / HTTP/1.1" 200 None
06/30 06:55:07 Starting new HTTPS connection (1): www.google.com:443
06/30 06:55:07 https://www.google.com:443 "GET / HTTP/1.1" 200 None
06/30 06:55:08 Starting new HTTPS connection (1): www.google.com:443
06/30 06:55:08 https://www.google.com:443 "GET / HTTP/1.1" 200 None
06/30 06:55:09 Starting new HTTPS connection (1): www.google.com:443
06/30 06:55:09 https://www.google.com:443 "GET / HTTP/1.1" 200 None
06/30 06:55:10 Starting new HTTPS connection (1): www.google.com:443
06/30 06:55:10 https://www.google.com:443 "GET / HTTP/1.1" 200 None
06/30 06:55:11 Starting new HTTPS connection (1): www.google.com:443
06/30 06:55:11 https://www.google.com:443 "GET / HTTP/1.1" 200 None
06/30 06:55:12 Starting new HTTPS connection (1): www.google.com:443
06/30 06:55:12 https://www.google.com:443 "GET / HTTP/1.1" 200 None
06/30 06:55:13 Starting new HTTPS connection (1): www.google.com:443
06/30 06:55:13 https://www.google.com:443 "GET / HTTP/1.1" 200 None
06/30 06:55:14 Starting new HTTPS connection (1): www.google.com:443
06/30 06:55:14 https://www.google.com:443 "GET / HTTP/1.1" 200 None
06/30 06:55:15 Starting new HTTPS connection (1): www.google.com:443
06/30 06:55:15 https://www.google.com:443 "GET / HTTP/1.1" 200 None
06/30 06:55:16 Starting new HTTPS connection (1): www.google.com:443
06/30 06:55:16 https://www.google.com:443 "GET / HTTP/1.1" 200 None
06/30 06:55:17 Starting new HTTPS connection (1): www.google.com:443
06/30 06:55:17 https://www.google.com:443 "GET / HTTP/1.1" 200 None
06/30 06:55:18 Starting new HTTPS connection (1): www.google.com:443
06/30 06:55:18 https://www.google.com:443 "GET / HTTP/1.1" 200 None
06/30 06:55:19 Starting new HTTPS connection (1): www.google.com:443
06/30 06:55:19 https://www.google.com:443 "GET / HTTP/1.1" 200 None
06/30 06:55:20 Starting new HTTPS connection (1): www.google.com:443
06/30 06:55:21 https://www.google.com:443 "GET / HTTP/1.1" 200 None
06/30 06:55:21 Starting new HTTPS connection (1): www.google.com:443
06/30 06:55:21 https://www.google.com:443 "GET / HTTP/1.1" 200 None
06/30 06:55:22 Starting new HTTPS connection (1): www.google.com:443
06/30 06:55:22 https://www.google.com:443 "GET / HTTP/1.1" 200 None
06/30 06:55:23 Starting new HTTPS connection (1): www.google.com:443
06/30 06:55:24 https://www.google.com:443 "GET / HTTP/1.1" 200 None
06/30 06:55:24 Starting new HTTPS connection (1): www.google.com:443
06/30 06:55:24 https://www.google.com:443 "GET / HTTP/1.1" 200 None
06/30 06:55:25 Starting new HTTPS connection (1): www.google.com:443
06/30 06:55:25 https://www.google.com:443 "GET / HTTP/1.1" 200 None
06/30 06:55:26 Starting new HTTPS connection (1): www.google.com:443
06/30 06:55:27 https://www.google.com:443 "GET / HTTP/1.1" 200 None
06/30 06:55:27 Starting new HTTPS connection (1): www.google.com:443
06/30 06:55:27 https://www.google.com:443 "GET / HTTP/1.1" 200 None
06/30 06:55:28 Starting new HTTPS connection (1): www.google.com:443
06/30 06:55:29 https://www.google.com:443 "GET / HTTP/1.1" 200 None
06/30 06:55:29 Starting new HTTPS connection (1): www.google.com:443
06/30 06:55:30 https://www.google.com:443 "GET / HTTP/1.1" 200 None
06/30 06:55:30 Starting new HTTPS connection (1): www.google.com:443
06/30 06:55:31 https://www.google.com:443 "GET / HTTP/1.1" 200 None
06/30 06:55:31 Starting new HTTPS connection (1): www.google.com:443
06/30 06:55:32 https://www.google.com:443 "GET / HTTP/1.1" 200 None
06/30 06:55:32 Starting new HTTPS connection (1): www.google.com:443
06/30 06:55:33 https://www.google.com:443 "GET / HTTP/1.1" 200 None
06/30 06:55:33 Starting new HTTPS connection (1): www.google.com:443
06/30 06:55:34 https://www.google.com:443 "GET / HTTP/1.1" 200 None
06/30 06:55:34 Starting new HTTPS connection (1): www.google.com:443
06/30 06:55:35 https://www.google.com:443 "GET / HTTP/1.1" 200 None
06/30 06:55:35 Starting new HTTPS connection (1): www.google.com:443
06/30 06:55:36 https://www.google.com:443 "GET / HTTP/1.1" 200 None
06/30 06:55:36 Starting new HTTPS connection (1): www.google.com:443
06/30 06:55:37 https://www.google.com:443 "GET / HTTP/1.1" 200 None
06/30 06:55:37 Starting new HTTPS connection (1): www.google.com:443
06/30 06:55:38 https://www.google.com:443 "GET / HTTP/1.1" 200 None
06/30 06:55:38 Starting new HTTPS connection (1): www.google.com:443
06/30 06:55:38 https://www.google.com:443 "GET / HTTP/1.1" 200 None
06/30 06:55:39 Starting new HTTPS connection (1): www.google.com:443
06/30 06:55:40 https://www.google.com:443 "GET / HTTP/1.1" 200 None
06/30 06:55:40 Starting new HTTPS connection (1): www.google.com:443
06/30 06:55:41 https://www.google.com:443 "GET / HTTP/1.1" 200 None
06/30 06:55:41 Starting new HTTPS connection (1): www.google.com:443
06/30 06:55:42 https://www.google.com:443 "GET / HTTP/1.1" 200 None
06/30 06:55:42 Starting new HTTPS connection (1): www.google.com:443
06/30 06:55:43 https://www.google.com:443 "GET / HTTP/1.1" 200 None
06/30 06:55:43 Starting new HTTPS connection (1): www.google.com:443
06/30 06:55:44 https://www.google.com:443 "GET / HTTP/1.1" 200 None
06/30 06:55:44 Starting new HTTPS connection (1): www.google.com:443
06/30 06:55:45 https://www.google.com:443 "GET / HTTP/1.1" 200 None
06/30 06:55:45 Starting new HTTPS connection (1): www.google.com:443
06/30 06:55:46 https://www.google.com:443 "GET / HTTP/1.1" 200 None
06/30 06:55:46 Starting new HTTPS connection (1): www.google.com:443
06/30 06:55:47 https://www.google.com:443 "GET / HTTP/1.1" 200 None
06/30 06:55:47 Starting new HTTPS connection (1): www.google.com:443
06/30 06:55:48 https://www.google.com:443 "GET / HTTP/1.1" 200 None
06/30 06:55:48 Starting new HTTPS connection (1): www.google.com:443
06/30 06:55:49 https://www.google.com:443 "GET / HTTP/1.1" 200 None
06/30 06:55:49 Starting new HTTPS connection (1): www.google.com:443
06/30 06:55:50 https://www.google.com:443 "GET / HTTP/1.1" 200 None
06/30 06:55:50 Starting new HTTPS connection (1): www.google.com:443
06/30 06:55:51 https://www.google.com:443 "GET / HTTP/1.1" 200 None
