03/21 08:48:34 Starting Hardware
03/21 08:48:34 Starting Webpage
03/21 08:48:57 Count has changed from 0 to 3
03/21 08:52:18 Starting Hardware
03/21 08:52:18 Starting Webpage
03/21 08:52:23 Count has changed from 0 to 3
03/21 08:54:44 Starting Hardware
03/21 08:54:44 Starting Webpage
03/21 08:55:25 Starting Hardware
03/21 08:55:25 Starting Webpage
03/21 09:07:12 Starting Hardware
03/21 09:07:40 Starting Hardware
03/21 09:07:40 Starting Webpage
03/21 09:08:21 Starting Hardware
03/21 09:08:21 Starting Webpage
03/21 09:08:25 Count has changed from 0 to 3
03/21 09:09:22 Starting Hardware
03/21 09:09:22 Starting Webpage
03/21 09:09:27 Count has changed from 0 to 5
03/21 09:09:30 Starting tray at 5 trays left
03/21 09:09:30 Ending tray at 5 trays left
03/21 09:09:30 Count has decreased from 5 to 4
03/21 09:09:31 Starting tray at 4 trays left
03/21 09:09:32 Ending tray at 4 trays left
03/21 09:09:32 Count has decreased from 4 to 3
03/21 09:09:44 Starting tray at 3 trays left
03/21 09:09:45 Ending tray at 3 trays left
03/21 09:09:45 Count has decreased from 3 to 2
03/21 09:23:00 Starting Hardware
03/21 09:23:00 Starting Webpage
03/21 09:23:22 Count has changed from 0 to 7
03/21 09:23:23 Starting tray at 7 trays left
03/21 09:23:23 Ending tray at 7 trays left
03/21 09:23:23 Count has decreased from 7 to 6
03/21 09:23:25 Starting tray at 6 trays left
03/21 09:23:26 Ending tray at 6 trays left
03/21 09:23:26 Count has decreased from 6 to 5
03/21 09:24:07 Starting tray at 5 trays left
03/21 09:24:08 Ending tray at 5 trays left
03/21 09:24:08 Count has decreased from 5 to 4
03/21 09:24:13 Starting tray at 4 trays left
03/21 09:24:15 Ending tray at 4 trays left
03/21 09:24:15 Count has decreased from 4 to 3
03/21 09:24:18 Starting tray at 3 trays left
03/21 09:24:20 Ending tray at 3 trays left
03/21 09:24:20 Count has decreased from 3 to 2
03/21 09:24:26 Starting tray at 2 trays left
03/21 09:24:27 Ending tray at 2 trays left
03/21 09:24:27 Count has decreased from 2 to 1
03/21 09:24:29 Starting tray at 1 trays left
03/21 09:24:31 Ending tray at 1 trays left
03/21 09:24:31 Count has decreased from 1 to 0
03/21 09:24:33 Starting tray at 0 trays left
03/21 09:24:35 Ending tray at 0 trays left
03/21 09:24:35 Count has decreased from 0 to -1
03/21 09:24:39 Starting tray at -1 trays left
03/21 09:24:40 Ending tray at -1 trays left
03/21 09:24:40 Count has decreased from -1 to -2
03/21 09:24:48 Starting tray at -2 trays left
03/21 09:24:49 Ending tray at -2 trays left
03/21 09:24:49 Count has decreased from -2 to -3
03/21 09:30:30 Starting Hardware
03/21 09:30:30 Starting Webpage
03/21 09:31:24 Starting Hardware
03/21 09:31:24 Starting Webpage
03/21 09:31:54 Starting Hardware
03/21 09:31:54 Starting Webpage
03/21 09:32:12 Count has changed from 0 to 3
03/21 09:32:42 Starting tray at 3 trays left
03/21 09:32:43 Ending tray at 3 trays left
03/21 09:32:43 Count has decreased from 3 to 2
03/21 09:32:49 Starting tray at 2 trays left
03/21 09:32:50 Ending tray at 2 trays left
03/21 09:32:50 Count has decreased from 2 to 1
03/21 09:32:55 Starting tray at 1 trays left
03/21 09:32:57 Ending tray at 1 trays left
03/21 09:32:57 Count has decreased from 1 to 0
03/21 09:33:01 Starting tray at 0 trays left
03/21 09:33:02 Ending tray at 0 trays left
03/21 09:33:02 Count has decreased from 0 to -1
03/21 09:34:41 Starting Hardware
03/21 09:34:41 Starting Webpage
03/21 09:34:49 Count has changed from 0 to 9
03/21 09:35:31 Starting tray at 9 trays left
03/21 09:35:32 Ending tray at 9 trays left
03/21 09:35:32 Count has decreased from 9 to 8
03/21 09:35:36 Starting tray at 8 trays left
03/21 09:35:37 Ending tray at 8 trays left
03/21 09:35:37 Count has decreased from 8 to 7
03/21 09:35:41 Starting tray at 7 trays left
03/21 09:35:43 Ending tray at 7 trays left
03/21 09:35:43 Count has decreased from 7 to 6
03/23 08:04:38 Starting Hardware
03/23 08:04:38 Starting Webpage
03/23 08:04:40 Starting Hardware
03/23 08:04:40 Starting Webpage
03/23 08:04:41 Starting Hardware
03/23 08:04:41 Starting Webpage
03/23 08:04:42 Starting Hardware
03/23 08:04:42 Starting Webpage
03/23 08:04:44 Starting Hardware
03/23 08:04:44 Starting Webpage
10/07 11:13:55 Starting Hardware
10/07 11:13:55 Starting Webpage
10/07 11:14:03 Count has changed from 0 to 1
10/07 11:14:23 Count has changed from 1 to 27
10/07 11:16:37 Starting Hardware
10/07 11:16:37 Starting Webpage
10/07 11:19:49 Starting Hardware
10/07 11:19:49 Starting Webpage
10/07 11:19:51 Starting new HTTPS connection (1): www.google.com:443
10/07 11:19:51 https://www.google.com:443 "GET / HTTP/1.1" 200 None
10/07 11:19:52 Starting new HTTPS connection (1): www.google.com:443
10/07 11:19:52 https://www.google.com:443 "GET / HTTP/1.1" 200 None
10/07 11:19:53 Starting new HTTPS connection (1): www.google.com:443
10/07 11:19:53 https://www.google.com:443 "GET / HTTP/1.1" 200 None
10/07 11:19:54 Starting new HTTPS connection (1): www.google.com:443
10/07 11:19:54 https://www.google.com:443 "GET / HTTP/1.1" 200 None
10/07 11:19:55 Starting new HTTPS connection (1): www.google.com:443
10/07 11:19:55 https://www.google.com:443 "GET / HTTP/1.1" 200 None
10/07 11:19:56 Starting new HTTPS connection (1): www.google.com:443
10/07 11:19:56 https://www.google.com:443 "GET / HTTP/1.1" 200 None
10/07 11:19:57 Starting new HTTPS connection (1): www.google.com:443
10/07 11:19:57 https://www.google.com:443 "GET / HTTP/1.1" 200 None
10/07 11:19:58 Starting new HTTPS connection (1): www.google.com:443
10/07 11:19:58 https://www.google.com:443 "GET / HTTP/1.1" 200 None
10/07 11:19:59 Starting new HTTPS connection (1): www.google.com:443
10/07 11:19:59 https://www.google.com:443 "GET / HTTP/1.1" 200 None
10/07 11:20:00 Starting new HTTPS connection (1): www.google.com:443
10/07 11:20:00 https://www.google.com:443 "GET / HTTP/1.1" 200 None
10/07 11:20:01 Starting new HTTPS connection (1): www.google.com:443
10/07 11:20:01 https://www.google.com:443 "GET / HTTP/1.1" 200 None
10/07 11:20:02 Starting new HTTPS connection (1): www.google.com:443
10/07 11:20:02 https://www.google.com:443 "GET / HTTP/1.1" 200 None
10/07 11:20:03 Starting new HTTPS connection (1): www.google.com:443
10/07 11:20:03 https://www.google.com:443 "GET / HTTP/1.1" 200 None
10/07 11:20:04 Starting new HTTPS connection (1): www.google.com:443
10/07 11:20:04 https://www.google.com:443 "GET / HTTP/1.1" 200 None
10/07 11:20:05 Starting new HTTPS connection (1): www.google.com:443
10/07 11:20:05 https://www.google.com:443 "GET / HTTP/1.1" 200 None
10/07 11:20:06 Starting new HTTPS connection (1): www.google.com:443
10/07 11:20:06 https://www.google.com:443 "GET / HTTP/1.1" 200 None
10/07 11:20:07 Starting new HTTPS connection (1): www.google.com:443
10/07 11:20:07 https://www.google.com:443 "GET / HTTP/1.1" 200 None
10/07 11:20:08 Starting new HTTPS connection (1): www.google.com:443
10/07 11:20:08 https://www.google.com:443 "GET / HTTP/1.1" 200 None
10/07 11:20:09 Starting new HTTPS connection (1): www.google.com:443
10/07 11:20:09 https://www.google.com:443 "GET / HTTP/1.1" 200 None
10/07 11:20:10 Starting new HTTPS connection (1): www.google.com:443
10/07 11:20:10 https://www.google.com:443 "GET / HTTP/1.1" 200 None
10/07 11:20:11 Starting new HTTPS connection (1): www.google.com:443
10/07 11:20:11 https://www.google.com:443 "GET / HTTP/1.1" 200 None
10/07 11:20:12 Starting new HTTPS connection (1): www.google.com:443
10/07 11:20:12 https://www.google.com:443 "GET / HTTP/1.1" 200 None
10/07 11:20:13 Starting new HTTPS connection (1): www.google.com:443
10/07 11:20:13 https://www.google.com:443 "GET / HTTP/1.1" 200 None
10/07 11:20:14 Starting new HTTPS connection (1): www.google.com:443
10/07 11:20:14 https://www.google.com:443 "GET / HTTP/1.1" 200 None
10/07 11:20:15 Starting new HTTPS connection (1): www.google.com:443
10/07 11:20:15 https://www.google.com:443 "GET / HTTP/1.1" 200 None
10/07 11:20:16 Starting new HTTPS connection (1): www.google.com:443
10/07 11:20:16 https://www.google.com:443 "GET / HTTP/1.1" 200 None
10/07 11:20:17 Starting new HTTPS connection (1): www.google.com:443
10/07 11:20:17 https://www.google.com:443 "GET / HTTP/1.1" 200 None
10/07 11:20:18 Starting new HTTPS connection (1): www.google.com:443
10/07 11:20:18 https://www.google.com:443 "GET / HTTP/1.1" 200 None
10/07 11:20:19 Starting new HTTPS connection (1): www.google.com:443
10/07 11:20:19 https://www.google.com:443 "GET / HTTP/1.1" 200 None
10/07 11:20:20 Starting new HTTPS connection (1): www.google.com:443
10/07 11:20:20 https://www.google.com:443 "GET / HTTP/1.1" 200 None
10/07 11:20:21 Starting new HTTPS connection (1): www.google.com:443
10/07 11:20:21 https://www.google.com:443 "GET / HTTP/1.1" 200 None
10/07 11:20:22 Starting new HTTPS connection (1): www.google.com:443
10/07 11:20:22 https://www.google.com:443 "GET / HTTP/1.1" 200 None
10/07 11:20:23 Starting new HTTPS connection (1): www.google.com:443
10/07 11:20:23 https://www.google.com:443 "GET / HTTP/1.1" 200 None
10/07 11:20:24 Starting new HTTPS connection (1): www.google.com:443
10/07 11:20:24 https://www.google.com:443 "GET / HTTP/1.1" 200 None
10/07 11:20:25 Starting new HTTPS connection (1): www.google.com:443
10/07 11:20:25 https://www.google.com:443 "GET / HTTP/1.1" 200 None
10/07 11:20:26 Starting new HTTPS connection (1): www.google.com:443
10/07 11:20:26 https://www.google.com:443 "GET / HTTP/1.1" 200 None
10/07 11:20:27 Starting new HTTPS connection (1): www.google.com:443
10/07 11:20:27 https://www.google.com:443 "GET / HTTP/1.1" 200 None
10/07 11:20:28 Starting new HTTPS connection (1): www.google.com:443
10/07 11:20:28 https://www.google.com:443 "GET / HTTP/1.1" 200 None
10/07 11:20:29 Starting new HTTPS connection (1): www.google.com:443
10/07 11:20:29 https://www.google.com:443 "GET / HTTP/1.1" 200 None
10/07 11:20:30 Starting new HTTPS connection (1): www.google.com:443
10/07 11:20:30 https://www.google.com:443 "GET / HTTP/1.1" 200 None
10/07 11:20:31 Starting new HTTPS connection (1): www.google.com:443
10/07 11:20:31 https://www.google.com:443 "GET / HTTP/1.1" 200 None
10/07 11:20:32 Starting new HTTPS connection (1): www.google.com:443
10/07 11:20:32 https://www.google.com:443 "GET / HTTP/1.1" 200 None
10/07 11:20:33 Starting new HTTPS connection (1): www.google.com:443
10/07 11:20:33 https://www.google.com:443 "GET / HTTP/1.1" 200 None
10/07 11:20:34 Starting new HTTPS connection (1): www.google.com:443
10/07 11:20:34 https://www.google.com:443 "GET / HTTP/1.1" 200 None
10/07 11:20:35 Starting new HTTPS connection (1): www.google.com:443
10/07 11:20:35 https://www.google.com:443 "GET / HTTP/1.1" 200 None
10/07 11:20:36 Starting new HTTPS connection (1): www.google.com:443
10/07 11:20:36 https://www.google.com:443 "GET / HTTP/1.1" 200 None
10/07 11:20:37 Starting new HTTPS connection (1): www.google.com:443
10/07 11:20:37 https://www.google.com:443 "GET / HTTP/1.1" 200 None
10/07 11:20:38 Starting new HTTPS connection (1): www.google.com:443
10/07 11:20:38 https://www.google.com:443 "GET / HTTP/1.1" 200 None
10/07 11:20:39 Starting new HTTPS connection (1): www.google.com:443
10/07 11:20:39 https://www.google.com:443 "GET / HTTP/1.1" 200 None
10/07 11:20:40 Starting new HTTPS connection (1): www.google.com:443
10/07 11:20:40 https://www.google.com:443 "GET / HTTP/1.1" 200 None
10/07 11:20:41 Starting new HTTPS connection (1): www.google.com:443
10/07 11:20:41 https://www.google.com:443 "GET / HTTP/1.1" 200 None
10/07 11:20:42 Starting new HTTPS connection (1): www.google.com:443
10/07 11:20:42 https://www.google.com:443 "GET / HTTP/1.1" 200 None
10/07 11:20:43 Starting new HTTPS connection (1): www.google.com:443
10/07 11:20:43 https://www.google.com:443 "GET / HTTP/1.1" 200 None
10/07 11:20:44 Starting new HTTPS connection (1): www.google.com:443
10/07 11:20:44 https://www.google.com:443 "GET / HTTP/1.1" 200 None
10/07 11:20:45 Starting new HTTPS connection (1): www.google.com:443
10/07 11:20:45 https://www.google.com:443 "GET / HTTP/1.1" 200 None
10/07 11:20:46 Starting new HTTPS connection (1): www.google.com:443
10/07 11:20:46 https://www.google.com:443 "GET / HTTP/1.1" 200 None
10/07 11:20:47 Starting new HTTPS connection (1): www.google.com:443
10/07 11:20:47 https://www.google.com:443 "GET / HTTP/1.1" 200 None
10/07 11:20:48 Starting new HTTPS connection (1): www.google.com:443
10/07 11:20:48 https://www.google.com:443 "GET / HTTP/1.1" 200 None
10/07 11:20:49 Starting new HTTPS connection (1): www.google.com:443
10/07 11:20:49 https://www.google.com:443 "GET / HTTP/1.1" 200 None
10/07 11:20:50 Starting new HTTPS connection (1): www.google.com:443
10/07 11:20:50 https://www.google.com:443 "GET / HTTP/1.1" 200 None
10/07 11:20:51 Starting new HTTPS connection (1): www.google.com:443
10/07 11:20:51 https://www.google.com:443 "GET / HTTP/1.1" 200 None
10/07 11:20:52 Starting new HTTPS connection (1): www.google.com:443
10/07 11:20:52 https://www.google.com:443 "GET / HTTP/1.1" 200 None
10/07 11:20:53 Starting new HTTPS connection (1): www.google.com:443
10/07 11:20:53 https://www.google.com:443 "GET / HTTP/1.1" 200 None
10/07 11:20:54 Starting new HTTPS connection (1): www.google.com:443
10/07 11:20:54 https://www.google.com:443 "GET / HTTP/1.1" 200 None
10/07 11:20:55 Starting new HTTPS connection (1): www.google.com:443
10/07 11:20:55 https://www.google.com:443 "GET / HTTP/1.1" 200 None
10/07 11:20:56 Starting new HTTPS connection (1): www.google.com:443
10/07 11:20:56 https://www.google.com:443 "GET / HTTP/1.1" 200 None
10/07 11:20:57 Starting new HTTPS connection (1): www.google.com:443
10/07 11:20:57 https://www.google.com:443 "GET / HTTP/1.1" 200 None
10/07 11:20:58 Starting new HTTPS connection (1): www.google.com:443
10/07 11:20:58 https://www.google.com:443 "GET / HTTP/1.1" 200 None
10/07 11:20:59 Starting new HTTPS connection (1): www.google.com:443
10/07 11:20:59 https://www.google.com:443 "GET / HTTP/1.1" 200 None
10/07 11:21:00 Starting new HTTPS connection (1): www.google.com:443
10/07 11:21:00 https://www.google.com:443 "GET / HTTP/1.1" 200 None
10/07 11:21:01 Starting new HTTPS connection (1): www.google.com:443
10/07 11:21:01 https://www.google.com:443 "GET / HTTP/1.1" 200 None
10/07 11:21:02 Starting new HTTPS connection (1): www.google.com:443
10/07 11:21:02 https://www.google.com:443 "GET / HTTP/1.1" 200 None
10/07 11:21:03 Starting new HTTPS connection (1): www.google.com:443
10/07 11:21:04 Starting new HTTPS connection (1): www.google.com:443
10/07 11:21:04 https://www.google.com:443 "GET / HTTP/1.1" 200 None
10/07 11:21:04 https://www.google.com:443 "GET / HTTP/1.1" 200 None
10/07 11:21:05 Starting new HTTPS connection (1): www.google.com:443
10/07 11:21:05 https://www.google.com:443 "GET / HTTP/1.1" 200 None
10/07 11:21:06 Starting new HTTPS connection (1): www.google.com:443
10/07 11:21:06 https://www.google.com:443 "GET / HTTP/1.1" 200 None
10/07 11:21:07 Starting new HTTPS connection (1): www.google.com:443
10/07 11:21:07 https://www.google.com:443 "GET / HTTP/1.1" 200 None
10/07 11:21:08 Starting new HTTPS connection (1): www.google.com:443
10/07 11:21:08 https://www.google.com:443 "GET / HTTP/1.1" 200 None
10/07 11:21:09 Starting new HTTPS connection (1): www.google.com:443
10/07 11:21:09 https://www.google.com:443 "GET / HTTP/1.1" 200 None
10/07 11:21:10 Starting new HTTPS connection (1): www.google.com:443
10/07 11:21:10 https://www.google.com:443 "GET / HTTP/1.1" 200 None
10/07 11:21:11 Starting new HTTPS connection (1): www.google.com:443
10/07 11:21:11 https://www.google.com:443 "GET / HTTP/1.1" 200 None
10/07 11:21:12 Starting new HTTPS connection (1): www.google.com:443
10/07 11:21:12 https://www.google.com:443 "GET / HTTP/1.1" 200 None
10/07 11:21:13 Starting new HTTPS connection (1): www.google.com:443
10/07 11:21:13 https://www.google.com:443 "GET / HTTP/1.1" 200 None
10/07 11:21:14 Starting new HTTPS connection (1): www.google.com:443
10/07 11:21:14 https://www.google.com:443 "GET / HTTP/1.1" 200 None
10/07 11:21:15 Starting new HTTPS connection (1): www.google.com:443
10/07 11:21:15 https://www.google.com:443 "GET / HTTP/1.1" 200 None
10/07 11:21:16 Starting new HTTPS connection (1): www.google.com:443
10/07 11:21:16 https://www.google.com:443 "GET / HTTP/1.1" 200 None
10/07 11:21:17 Starting new HTTPS connection (1): www.google.com:443
10/07 11:21:17 https://www.google.com:443 "GET / HTTP/1.1" 200 None
10/07 11:21:18 Starting new HTTPS connection (1): www.google.com:443
10/07 11:21:18 https://www.google.com:443 "GET / HTTP/1.1" 200 None
10/07 11:21:19 Starting new HTTPS connection (1): www.google.com:443
10/07 11:21:19 https://www.google.com:443 "GET / HTTP/1.1" 200 None
10/07 11:21:20 Starting new HTTPS connection (1): www.google.com:443
10/07 11:21:20 https://www.google.com:443 "GET / HTTP/1.1" 200 None
10/07 11:21:21 Starting new HTTPS connection (1): www.google.com:443
10/07 11:21:21 https://www.google.com:443 "GET / HTTP/1.1" 200 None
10/07 11:21:22 Starting new HTTPS connection (1): www.google.com:443
10/07 11:21:22 https://www.google.com:443 "GET / HTTP/1.1" 200 None
10/07 11:21:23 Starting new HTTPS connection (1): www.google.com:443
10/07 11:21:23 https://www.google.com:443 "GET / HTTP/1.1" 200 None
10/07 11:21:24 Starting new HTTPS connection (1): www.google.com:443
10/07 11:21:24 https://www.google.com:443 "GET / HTTP/1.1" 200 None
10/07 11:21:25 Starting new HTTPS connection (1): www.google.com:443
10/07 11:21:25 https://www.google.com:443 "GET / HTTP/1.1" 200 None
10/07 11:21:26 Starting new HTTPS connection (1): www.google.com:443
10/07 11:21:26 https://www.google.com:443 "GET / HTTP/1.1" 200 None
10/07 11:21:27 Starting new HTTPS connection (1): www.google.com:443
10/07 11:21:27 https://www.google.com:443 "GET / HTTP/1.1" 200 None
10/07 11:21:28 Starting new HTTPS connection (1): www.google.com:443
10/07 11:21:28 https://www.google.com:443 "GET / HTTP/1.1" 200 None
10/07 11:21:29 Starting new HTTPS connection (1): www.google.com:443
10/07 11:21:29 https://www.google.com:443 "GET / HTTP/1.1" 200 None
10/07 11:21:30 Starting new HTTPS connection (1): www.google.com:443
10/07 11:21:30 https://www.google.com:443 "GET / HTTP/1.1" 200 None
10/07 11:21:31 Starting new HTTPS connection (1): www.google.com:443
10/07 11:21:31 https://www.google.com:443 "GET / HTTP/1.1" 200 None
10/07 11:21:32 Starting new HTTPS connection (1): www.google.com:443
10/07 11:21:32 https://www.google.com:443 "GET / HTTP/1.1" 200 None
10/07 11:21:33 Starting new HTTPS connection (1): www.google.com:443
10/07 11:21:33 https://www.google.com:443 "GET / HTTP/1.1" 200 None
10/07 11:21:34 Starting new HTTPS connection (1): www.google.com:443
10/07 11:21:34 https://www.google.com:443 "GET / HTTP/1.1" 200 None
10/07 11:21:35 Starting new HTTPS connection (1): www.google.com:443
10/07 11:21:35 https://www.google.com:443 "GET / HTTP/1.1" 200 None
10/07 11:21:36 Starting new HTTPS connection (1): www.google.com:443
10/07 11:21:36 https://www.google.com:443 "GET / HTTP/1.1" 200 None
10/07 11:21:37 Starting new HTTPS connection (1): www.google.com:443
10/07 11:21:37 https://www.google.com:443 "GET / HTTP/1.1" 200 None
10/07 11:21:38 Starting new HTTPS connection (1): www.google.com:443
10/07 11:21:38 https://www.google.com:443 "GET / HTTP/1.1" 200 None
10/07 11:21:39 Starting new HTTPS connection (1): www.google.com:443
10/07 11:21:39 https://www.google.com:443 "GET / HTTP/1.1" 200 None
10/07 11:21:40 Starting new HTTPS connection (1): www.google.com:443
10/07 11:21:40 https://www.google.com:443 "GET / HTTP/1.1" 200 None
10/07 11:21:41 Starting new HTTPS connection (1): www.google.com:443
10/07 11:21:41 https://www.google.com:443 "GET / HTTP/1.1" 200 None
10/07 11:21:42 Starting new HTTPS connection (1): www.google.com:443
10/07 11:21:42 https://www.google.com:443 "GET / HTTP/1.1" 200 None
10/07 11:21:43 Starting new HTTPS connection (1): www.google.com:443
10/07 11:21:43 https://www.google.com:443 "GET / HTTP/1.1" 200 None
10/07 11:21:44 Starting new HTTPS connection (1): www.google.com:443
10/07 11:21:44 https://www.google.com:443 "GET / HTTP/1.1" 200 None
10/07 11:21:45 Starting new HTTPS connection (1): www.google.com:443
10/07 11:21:45 https://www.google.com:443 "GET / HTTP/1.1" 200 None
10/07 11:21:46 Starting new HTTPS connection (1): www.google.com:443
10/07 11:21:46 https://www.google.com:443 "GET / HTTP/1.1" 200 None
10/07 11:21:47 Starting new HTTPS connection (1): www.google.com:443
10/07 11:21:47 https://www.google.com:443 "GET / HTTP/1.1" 200 None
10/07 11:21:48 Starting new HTTPS connection (1): www.google.com:443
10/07 11:21:48 https://www.google.com:443 "GET / HTTP/1.1" 200 None
10/07 11:21:49 Starting new HTTPS connection (1): www.google.com:443
10/07 11:21:49 https://www.google.com:443 "GET / HTTP/1.1" 200 None
10/07 11:21:50 Starting new HTTPS connection (1): www.google.com:443
10/07 11:21:50 https://www.google.com:443 "GET / HTTP/1.1" 200 None
10/07 11:21:51 Starting new HTTPS connection (1): www.google.com:443
10/07 11:21:51 https://www.google.com:443 "GET / HTTP/1.1" 200 None
10/07 11:21:52 Starting new HTTPS connection (1): www.google.com:443
10/07 11:21:52 https://www.google.com:443 "GET / HTTP/1.1" 200 None
10/07 11:21:53 Starting new HTTPS connection (1): www.google.com:443
10/07 11:21:53 https://www.google.com:443 "GET / HTTP/1.1" 200 None
10/07 11:21:54 Starting new HTTPS connection (1): www.google.com:443
10/07 11:21:54 https://www.google.com:443 "GET / HTTP/1.1" 200 None
10/07 11:21:55 Starting new HTTPS connection (1): www.google.com:443
10/07 11:21:55 https://www.google.com:443 "GET / HTTP/1.1" 200 None
10/07 11:21:56 Starting new HTTPS connection (1): www.google.com:443
10/07 11:21:56 https://www.google.com:443 "GET / HTTP/1.1" 200 None
10/07 11:21:57 Starting new HTTPS connection (1): www.google.com:443
10/07 11:21:57 https://www.google.com:443 "GET / HTTP/1.1" 200 None
10/07 11:21:58 Starting new HTTPS connection (1): www.google.com:443
10/07 11:21:58 https://www.google.com:443 "GET / HTTP/1.1" 200 None
10/07 11:21:59 Starting new HTTPS connection (1): www.google.com:443
10/07 11:21:59 https://www.google.com:443 "GET / HTTP/1.1" 200 None
10/07 11:22:00 Starting new HTTPS connection (1): www.google.com:443
10/07 11:22:00 https://www.google.com:443 "GET / HTTP/1.1" 200 None
10/07 11:22:01 Starting new HTTPS connection (1): www.google.com:443
10/07 11:22:01 https://www.google.com:443 "GET / HTTP/1.1" 200 None
10/07 11:22:02 Starting new HTTPS connection (1): www.google.com:443
10/07 11:22:02 https://www.google.com:443 "GET / HTTP/1.1" 200 None
10/07 11:22:03 Starting new HTTPS connection (1): www.google.com:443
10/07 11:22:03 https://www.google.com:443 "GET / HTTP/1.1" 200 None
10/07 11:22:04 Starting new HTTPS connection (1): www.google.com:443
10/07 11:22:04 https://www.google.com:443 "GET / HTTP/1.1" 200 None
10/07 11:22:05 Starting new HTTPS connection (1): www.google.com:443
10/07 11:22:05 https://www.google.com:443 "GET / HTTP/1.1" 200 None
10/07 11:22:06 Starting new HTTPS connection (1): www.google.com:443
10/07 11:22:06 https://www.google.com:443 "GET / HTTP/1.1" 200 None
10/07 11:22:07 Starting new HTTPS connection (1): www.google.com:443
10/07 11:22:07 https://www.google.com:443 "GET / HTTP/1.1" 200 None
10/07 11:22:08 Starting new HTTPS connection (1): www.google.com:443
10/07 11:22:08 https://www.google.com:443 "GET / HTTP/1.1" 200 None
10/07 11:22:09 Starting new HTTPS connection (1): www.google.com:443
10/07 11:22:09 https://www.google.com:443 "GET / HTTP/1.1" 200 None
10/07 11:22:10 Starting new HTTPS connection (1): www.google.com:443
10/07 11:22:10 https://www.google.com:443 "GET / HTTP/1.1" 200 None
10/07 11:22:11 Starting new HTTPS connection (1): www.google.com:443
10/07 11:22:11 https://www.google.com:443 "GET / HTTP/1.1" 200 None
10/07 11:22:12 Starting new HTTPS connection (1): www.google.com:443
10/07 11:22:12 https://www.google.com:443 "GET / HTTP/1.1" 200 None
10/07 11:22:13 Starting new HTTPS connection (1): www.google.com:443
10/07 11:22:13 https://www.google.com:443 "GET / HTTP/1.1" 200 None
10/07 11:22:14 Starting new HTTPS connection (1): www.google.com:443
10/07 11:22:14 https://www.google.com:443 "GET / HTTP/1.1" 200 None
10/07 11:22:15 Starting new HTTPS connection (1): www.google.com:443
10/07 11:22:15 https://www.google.com:443 "GET / HTTP/1.1" 200 None
10/07 11:22:16 Starting new HTTPS connection (1): www.google.com:443
10/07 11:22:16 https://www.google.com:443 "GET / HTTP/1.1" 200 None
10/07 11:22:17 Starting new HTTPS connection (1): www.google.com:443
10/07 11:22:17 https://www.google.com:443 "GET / HTTP/1.1" 200 None
10/07 11:22:18 Starting new HTTPS connection (1): www.google.com:443
10/07 11:22:18 https://www.google.com:443 "GET / HTTP/1.1" 200 None
10/07 11:22:19 Starting new HTTPS connection (1): www.google.com:443
10/07 11:22:19 https://www.google.com:443 "GET / HTTP/1.1" 200 None
10/07 11:22:20 Starting new HTTPS connection (1): www.google.com:443
10/07 11:22:20 https://www.google.com:443 "GET / HTTP/1.1" 200 None
10/07 11:22:21 Starting new HTTPS connection (1): www.google.com:443
10/07 11:22:21 https://www.google.com:443 "GET / HTTP/1.1" 200 None
10/07 11:22:22 Starting new HTTPS connection (1): www.google.com:443
10/07 11:22:22 https://www.google.com:443 "GET / HTTP/1.1" 200 None
10/07 11:22:23 Starting new HTTPS connection (1): www.google.com:443
10/07 11:22:23 https://www.google.com:443 "GET / HTTP/1.1" 200 None
10/07 11:22:24 Starting new HTTPS connection (1): www.google.com:443
10/07 11:22:24 https://www.google.com:443 "GET / HTTP/1.1" 200 None
10/07 11:22:25 Starting new HTTPS connection (1): www.google.com:443
10/07 11:22:25 https://www.google.com:443 "GET / HTTP/1.1" 200 None
10/07 11:22:26 Starting new HTTPS connection (1): www.google.com:443
10/07 11:22:26 https://www.google.com:443 "GET / HTTP/1.1" 200 None
10/07 11:22:27 Starting new HTTPS connection (1): www.google.com:443
10/07 11:22:27 https://www.google.com:443 "GET / HTTP/1.1" 200 None
10/07 11:22:28 Starting new HTTPS connection (1): www.google.com:443
10/07 11:22:28 https://www.google.com:443 "GET / HTTP/1.1" 200 None
10/07 11:22:29 Starting new HTTPS connection (1): www.google.com:443
10/07 11:22:29 https://www.google.com:443 "GET / HTTP/1.1" 200 None
10/07 11:22:30 Starting new HTTPS connection (1): www.google.com:443
10/07 11:22:30 https://www.google.com:443 "GET / HTTP/1.1" 200 None
10/07 11:22:31 Starting new HTTPS connection (1): www.google.com:443
10/07 11:22:31 https://www.google.com:443 "GET / HTTP/1.1" 200 None
10/07 11:22:32 Starting new HTTPS connection (1): www.google.com:443
10/07 11:22:32 https://www.google.com:443 "GET / HTTP/1.1" 200 None
10/07 11:22:33 Starting new HTTPS connection (1): www.google.com:443
10/07 11:22:33 https://www.google.com:443 "GET / HTTP/1.1" 200 None
10/07 11:22:34 Starting new HTTPS connection (1): www.google.com:443
10/07 11:22:34 https://www.google.com:443 "GET / HTTP/1.1" 200 None
10/07 11:22:35 Starting new HTTPS connection (1): www.google.com:443
10/07 11:22:35 https://www.google.com:443 "GET / HTTP/1.1" 200 None
10/07 11:22:36 Starting new HTTPS connection (1): www.google.com:443
10/07 11:22:36 https://www.google.com:443 "GET / HTTP/1.1" 200 None
10/07 11:22:37 Starting new HTTPS connection (1): www.google.com:443
10/07 11:22:37 https://www.google.com:443 "GET / HTTP/1.1" 200 None
10/07 11:22:38 Starting new HTTPS connection (1): www.google.com:443
10/07 11:22:38 https://www.google.com:443 "GET / HTTP/1.1" 200 None
10/07 11:22:39 Starting new HTTPS connection (1): www.google.com:443
10/07 11:22:39 https://www.google.com:443 "GET / HTTP/1.1" 200 None
10/07 11:22:40 Starting new HTTPS connection (1): www.google.com:443
10/07 11:22:40 https://www.google.com:443 "GET / HTTP/1.1" 200 None
10/07 11:22:41 Starting new HTTPS connection (1): www.google.com:443
10/07 11:22:41 https://www.google.com:443 "GET / HTTP/1.1" 200 None
10/07 11:22:42 Starting new HTTPS connection (1): www.google.com:443
10/07 11:22:42 https://www.google.com:443 "GET / HTTP/1.1" 200 None
10/07 11:22:43 Starting new HTTPS connection (1): www.google.com:443
10/07 11:22:43 https://www.google.com:443 "GET / HTTP/1.1" 200 None
10/07 11:22:44 Starting new HTTPS connection (1): www.google.com:443
10/07 11:22:44 https://www.google.com:443 "GET / HTTP/1.1" 200 None
10/07 11:22:45 Starting new HTTPS connection (1): www.google.com:443
10/07 11:22:45 https://www.google.com:443 "GET / HTTP/1.1" 200 None
10/07 11:22:46 Starting new HTTPS connection (1): www.google.com:443
10/07 11:22:46 https://www.google.com:443 "GET / HTTP/1.1" 200 None
10/07 11:22:47 Starting new HTTPS connection (1): www.google.com:443
10/07 11:22:47 https://www.google.com:443 "GET / HTTP/1.1" 200 None
10/07 11:22:48 Starting new HTTPS connection (1): www.google.com:443
10/07 11:22:48 https://www.google.com:443 "GET / HTTP/1.1" 200 None
10/07 11:22:49 Starting new HTTPS connection (1): www.google.com:443
10/07 11:22:49 https://www.google.com:443 "GET / HTTP/1.1" 200 None
10/07 11:22:50 Starting new HTTPS connection (1): www.google.com:443
10/07 11:22:50 https://www.google.com:443 "GET / HTTP/1.1" 200 None
10/07 11:22:51 Starting new HTTPS connection (1): www.google.com:443
10/07 11:22:51 https://www.google.com:443 "GET / HTTP/1.1" 200 None
10/07 11:22:52 Starting new HTTPS connection (1): www.google.com:443
10/07 11:22:52 https://www.google.com:443 "GET / HTTP/1.1" 200 None
